Using pre-set license
Built from '2021.3/staging' branch; Version is '2021.3.1f1 (3b70a0754835) revision 3895456'; Using compiler version '192829333'; Build Type 'Release'
OS: 'Windows 10  (10.0.19044) 64bit ProfessionalN' Language: 'de' Physical Memory: 24518 MB
BatchMode: 1, IsHumanControllingUs: 0, StartBugReporterOnCrash: 0, Is64bit: 1, IsPro: 1

COMMAND LINE ARGUMENTS:
D:\Unity\2021.3.1f1\Editor\Unity.exe
-adb2
-batchMode
-noUpm
-name
AssetImportWorker1
-projectPath
C:/Users/mahrt/unity/SpaceGame
-logFile
Logs/AssetImportWorker1.log
-srvPort
53286
Successfully changed project path to: C:/Users/mahrt/unity/SpaceGame
C:/Users/mahrt/unity/SpaceGame
[UnityMemory] Configuration Parameters - Can be set up in boot.config
    "memorysetup-bucket-allocator-granularity=16"
    "memorysetup-bucket-allocator-bucket-count=8"
    "memorysetup-bucket-allocator-block-size=33554432"
    "memorysetup-bucket-allocator-block-count=8"
    "memorysetup-main-allocator-block-size=16777216"
    "memorysetup-thread-allocator-block-size=16777216"
    "memorysetup-gfx-main-allocator-block-size=16777216"
    "memorysetup-gfx-thread-allocator-block-size=16777216"
    "memorysetup-cache-allocator-block-size=4194304"
    "memorysetup-typetree-allocator-block-size=2097152"
    "memorysetup-profiler-bucket-allocator-granularity=16"
    "memorysetup-profiler-bucket-allocator-bucket-count=8"
    "memorysetup-profiler-bucket-allocator-block-size=33554432"
    "memorysetup-profiler-bucket-allocator-block-count=8"
    "memorysetup-profiler-allocator-block-size=16777216"
    "memorysetup-profiler-editor-allocator-block-size=1048576"
    "memorysetup-temp-allocator-size-main=16777216"
    "memorysetup-job-temp-allocator-block-size=2097152"
    "memorysetup-job-temp-allocator-block-size-background=1048576"
    "memorysetup-job-temp-allocator-reduction-small-platforms=262144"
    "memorysetup-temp-allocator-size-background-worker=32768"
    "memorysetup-temp-allocator-size-job-worker=262144"
    "memorysetup-temp-allocator-size-preload-manager=33554432"
    "memorysetup-temp-allocator-size-nav-mesh-worker=65536"
    "memorysetup-temp-allocator-size-audio-worker=65536"
    "memorysetup-temp-allocator-size-cloud-worker=32768"
    "memorysetup-temp-allocator-size-gi-baking-worker=262144"
    "memorysetup-temp-allocator-size-gfx=262144"
Refreshing native plugins compatible for Editor in 107.61 ms, found 3 plugins.
Preloading 0 native plugins for Editor in 0.00 ms.
Initialize engine version: 2021.3.1f1 (3b70a0754835)
[Subsystems] Discovering subsystems at path D:/Unity/2021.3.1f1/Editor/Data/Resources/UnitySubsystems
[Subsystems] Discovering subsystems at path C:/Users/mahrt/unity/SpaceGame/Assets
GfxDevice: creating device client; threaded=0; jobified=0
Direct3D:
    Version:  Direct3D 11.0 [level 11.1]
    Renderer: NVIDIA GeForce GTX 1070 (ID=0x1b81)
    Vendor:   NVIDIA
    VRAM:     8088 MB
    Driver:   30.0.15.1215
Initialize mono
Mono path[0] = 'D:/Unity/2021.3.1f1/Editor/Data/Managed'
Mono path[1] = 'D:/Unity/2021.3.1f1/Editor/Data/MonoBleedingEdge/lib/mono/unityjit-win32'
Mono config path = 'D:/Unity/2021.3.1f1/Editor/Data/MonoBleedingEdge/etc'
Using monoOptions --debugger-agent=transport=dt_socket,embedding=1,server=y,suspend=n,address=127.0.0.1:56252
Begin MonoManager ReloadAssembly
Registering precompiled unity dll's ...
Register platform support module: D:/Unity/2021.3.1f1/Editor/Data/PlaybackEngines/WindowsStandaloneSupport/UnityEditor.WindowsStandalone.Extensions.dll
Registered in 0.003841 seconds.
Native extension for WindowsStandalone target not found
Refreshing native plugins compatible for Editor in 141.44 ms, found 3 plugins.
Preloading 0 native plugins for Editor in 0.00 ms.
Mono: successfully reloaded assembly
- Completed reload, in  0.751 seconds
Domain Reload Profiling:
	ReloadAssembly (751ms)
		BeginReloadAssembly (76ms)
			ExecutionOrderSort (0ms)
			DisableScriptedObjects (0ms)
			BackupInstance (0ms)
			ReleaseScriptingObjects (0ms)
			CreateAndSetChildDomain (1ms)
		EndReloadAssembly (549ms)
			LoadAssemblies (76ms)
			RebuildTransferFunctionScriptingTraits (0ms)
			SetupTypeCache (113ms)
			ReleaseScriptCaches (0ms)
			RebuildScriptCaches (29ms)
			SetupLoadedEditorAssemblies (358ms)
				LogAssemblyErrors (0ms)
				InitializePlatformSupportModulesInManaged (6ms)
				SetLoadedEditorAssemblies (0ms)
				RefreshPlugins (142ms)
				BeforeProcessingInitializeOnLoad (1ms)
				ProcessInitializeOnLoadAttributes (155ms)
				ProcessInitializeOnLoadMethodAttributes (54ms)
				AfterProcessingInitializeOnLoad (0ms)
				EditorAssembliesLoaded (0ms)
			ExecutionOrderSort2 (0ms)
			AwakeInstancesAfterBackupRestoration (0ms)
Platform modules already initialized, skipping
Registering precompiled user dll's ...
Registered in 0.004497 seconds.
Begin MonoManager ReloadAssembly
Symbol file LoadedFromMemory doesn't match image C:\Users\mahrt\unity\SpaceGame\Library\PackageCache\com.unity.visualscripting@1.7.6\Editor\VisualScripting.Core\Dependencies\YamlDotNet\Unity.VisualScripting.YamlDotNet.dll
Symbol file LoadedFromMemory is not a mono symbol file
Symbol file LoadedFromMemory doesn't match image C:\Users\mahrt\unity\SpaceGame\Library\PackageCache\com.unity.visualscripting@1.7.6\Editor\VisualScripting.Core\Dependencies\DotNetZip\Unity.VisualScripting.IonicZip.dll
Native extension for WindowsStandalone target not found
Refreshing native plugins compatible for Editor in 102.91 ms, found 3 plugins.
Preloading 0 native plugins for Editor in 0.00 ms.
Mono: successfully reloaded assembly
- Completed reload, in  1.505 seconds
Domain Reload Profiling:
	ReloadAssembly (1506ms)
		BeginReloadAssembly (119ms)
			ExecutionOrderSort (0ms)
			DisableScriptedObjects (5ms)
			BackupInstance (0ms)
			ReleaseScriptingObjects (0ms)
			CreateAndSetChildDomain (24ms)
		EndReloadAssembly (1274ms)
			LoadAssemblies (98ms)
			RebuildTransferFunctionScriptingTraits (0ms)
			SetupTypeCache (338ms)
			ReleaseScriptCaches (1ms)
			RebuildScriptCaches (73ms)
			SetupLoadedEditorAssemblies (713ms)
				LogAssemblyErrors (0ms)
				InitializePlatformSupportModulesInManaged (5ms)
				SetLoadedEditorAssemblies (0ms)
				RefreshPlugins (103ms)
				BeforeProcessingInitializeOnLoad (117ms)
				ProcessInitializeOnLoadAttributes (402ms)
				ProcessInitializeOnLoadMethodAttributes (82ms)
				AfterProcessingInitializeOnLoad (3ms)
				EditorAssembliesLoaded (0ms)
			ExecutionOrderSort2 (0ms)
			AwakeInstancesAfterBackupRestoration (8ms)
Platform modules already initialized, skipping
========================================================================
Worker process is ready to serve import requests
Launched and connected shader compiler UnityShaderCompiler.exe after 0.07 seconds
Refreshing native plugins compatible for Editor in 1.24 ms, found 3 plugins.
Preloading 0 native plugins for Editor in 0.00 ms.
Unloading 4685 Unused Serialized files (Serialized files now loaded: 0)
Unloading 42 unused Assets / (468.3 KB). Loaded Objects now: 5144.
Memory consumption went from 163.3 MB to 162.8 MB.
Total: 5.908400 ms (FindLiveObjects: 0.360200 ms CreateObjectMapping: 0.658800 ms MarkObjects: 4.691200 ms  DeleteObjects: 0.197400 ms)

AssetImportParameters requested are different than current active one (requested -> active):
  custom:video-decoder-ogg-theora: a1e56fd34408186e4bbccfd4996cb3dc -> 
  custom:container-muxer-webm: aa71ff27fc2769a1b78a27578f13a17b -> 
  custom:container-demuxer-webm: 4f35f7cbe854078d1ac9338744f61a02 -> 
  custom:video-encoder-webm-vp8: eb34c28f22e8b96e1ab97ce403110664 -> 
  custom:audio-encoder-webm-vorbis: bf7c407c2cedff20999df2af8eb42d56 -> 
  custom:framework-win-MediaFoundation: 216162199b28c13a410421893ffa2e32 -> 
  custom:container-demuxer-ogg: 62fdf1f143b41e24485cea50d1cbac27 -> 
  custom:video-decoder-webm-vp8: 9c59270c3fd7afecdb556c50c9e8de78 -> 
  custom:audio-decoder-ogg-vorbis: bf7c407c2cedff20999df2af8eb42d56 -> 
========================================================================
Received Import Request.
  Time since last request: 360754.628279 seconds.
  path: Assets/Skyboxes/SpaceSkies Free/Skybox_1/Pink_4K_Resolution.mat
  artifactKey: Guid(8401881fcb9afd34eb383fc90bbbbddc) Importer(815301076,1909f56bfc062723c751e8b465ee728b)
Start importing Assets/Skyboxes/SpaceSkies Free/Skybox_1/Pink_4K_Resolution.mat using Guid(8401881fcb9afd34eb383fc90bbbbddc) Importer(815301076,1909f56bfc062723c751e8b465ee728b)  -> (artifact id: 'efc2d175a9e9d9435e09a8f90606cccc') in 0.350172 seconds 
========================================================================
Received Import Request.
  Time since last request: 0.000022 seconds.
  path: Assets/Skyboxes/SpaceSkies Free/Skybox_1/Textures/1K_Resolution/Back_1K_TEX.png
  artifactKey: Guid(52d452284176b2741bc26215319bbb28) Importer(815301076,1909f56bfc062723c751e8b465ee728b)
Start importing Assets/Skyboxes/SpaceSkies Free/Skybox_1/Textures/1K_Resolution/Back_1K_TEX.png using Guid(52d452284176b2741bc26215319bbb28) Importer(815301076,1909f56bfc062723c751e8b465ee728b)  -> (artifact id: '8e95ad68179735d919272b105fec4585') in 0.080960 seconds 
========================================================================
Received Import Request.
  Time since last request: 0.000037 seconds.
  path: Assets/Skyboxes/SpaceSkies Free/Skybox_1/Textures/1K_Resolution/Right_1K_TEX.png
  artifactKey: Guid(41f70e70af801c8479aa11cebd1babde) Importer(815301076,1909f56bfc062723c751e8b465ee728b)
Start importing Assets/Skyboxes/SpaceSkies Free/Skybox_1/Textures/1K_Resolution/Right_1K_TEX.png using Guid(41f70e70af801c8479aa11cebd1babde) Importer(815301076,1909f56bfc062723c751e8b465ee728b)  -> (artifact id: '2ca37697f4c06eb05fe18a787bd8340c') in 0.017010 seconds 
========================================================================
Received Import Request.
  Time since last request: 0.000023 seconds.
  path: Assets/Skyboxes/SpaceSkies Free/Skybox_1/Textures/1K_Resolution/Down_1K_TEX.png
  artifactKey: Guid(e6304ed6970a3cf4c833dabb80ee8d29) Importer(815301076,1909f56bfc062723c751e8b465ee728b)
Start importing Assets/Skyboxes/SpaceSkies Free/Skybox_1/Textures/1K_Resolution/Down_1K_TEX.png using Guid(e6304ed6970a3cf4c833dabb80ee8d29) Importer(815301076,1909f56bfc062723c751e8b465ee728b)  -> (artifact id: '5b4f839034c55a048c41ee69aaeaf064') in 0.017188 seconds 
========================================================================
Received Import Request.
  Time since last request: 0.000021 seconds.
  path: Assets/Skyboxes/SpaceSkies Free/Skybox_1/Pink_2K_Resolution.mat
  artifactKey: Guid(9f69d571a9cb54943b5a80ccd6b19e96) Importer(815301076,1909f56bfc062723c751e8b465ee728b)
Start importing Assets/Skyboxes/SpaceSkies Free/Skybox_1/Pink_2K_Resolution.mat using Guid(9f69d571a9cb54943b5a80ccd6b19e96) Importer(815301076,1909f56bfc062723c751e8b465ee728b)  -> (artifact id: '2ba4099e1b069d1fb81cdb89f54827a7') in 0.029209 seconds 
========================================================================
Received Import Request.
  Time since last request: 0.257759 seconds.
  path: Assets/Skyboxes/SpaceSkies Free/Skybox_1/Textures/2K_Resolution/Back_2K_TEX.png
  artifactKey: Guid(20e38473ff639ed429d08288b1db43c8) Importer(815301076,1909f56bfc062723c751e8b465ee728b)
Start importing Assets/Skyboxes/SpaceSkies Free/Skybox_1/Textures/2K_Resolution/Back_2K_TEX.png using Guid(20e38473ff639ed429d08288b1db43c8) Importer(815301076,1909f56bfc062723c751e8b465ee728b)  -> (artifact id: '1622968758260136b9820e1841be23ad') in 0.019586 seconds 
========================================================================
Received Import Request.
  Time since last request: 0.000034 seconds.
  path: Assets/Skyboxes/SpaceSkies Free/Skybox_1/Textures/2K_Resolution/Up_2K_TEX.png
  artifactKey: Guid(a096daa9a788d7342892ce655a940dba) Importer(815301076,1909f56bfc062723c751e8b465ee728b)
Start importing Assets/Skyboxes/SpaceSkies Free/Skybox_1/Textures/2K_Resolution/Up_2K_TEX.png using Guid(a096daa9a788d7342892ce655a940dba) Importer(815301076,1909f56bfc062723c751e8b465ee728b)  -> (artifact id: '998555b456eec45c58fcda27832b9c57') in 0.017430 seconds 
========================================================================
Received Import Request.
  Time since last request: 0.000017 seconds.
  path: Assets/Skyboxes/SpaceSkies Free/Skybox_1/Textures/2K_Resolution/Left_2K_TEX.png
  artifactKey: Guid(4e305140e2a136c449648e67d9b747fc) Importer(815301076,1909f56bfc062723c751e8b465ee728b)
Start importing Assets/Skyboxes/SpaceSkies Free/Skybox_1/Textures/2K_Resolution/Left_2K_TEX.png using Guid(4e305140e2a136c449648e67d9b747fc) Importer(815301076,1909f56bfc062723c751e8b465ee728b)  -> (artifact id: '7a64ce4f1d0da9d9092f3116ec0c08f2') in 0.019101 seconds 
========================================================================
Received Import Request.
  Time since last request: 1.003290 seconds.
  path: Assets/Skyboxes/SpaceSkies Free/Skybox_1/Textures/4K_Resolution/Back_4K_TEX.png
  artifactKey: Guid(ea75323f20e3eaa4ea6cd5ae9763e5bd) Importer(815301076,1909f56bfc062723c751e8b465ee728b)
Start importing Assets/Skyboxes/SpaceSkies Free/Skybox_1/Textures/4K_Resolution/Back_4K_TEX.png using Guid(ea75323f20e3eaa4ea6cd5ae9763e5bd) Importer(815301076,1909f56bfc062723c751e8b465ee728b)  -> (artifact id: '5b0029644337e821720bab9a1f17f259') in 0.017799 seconds 
========================================================================
Received Import Request.
  Time since last request: 0.000032 seconds.
  path: Assets/Skyboxes/SpaceSkies Free/Skybox_1/Textures/4K_Resolution/Left_4K_TEX.png
  artifactKey: Guid(0df7cac303be5da4b8a48d3fef142f03) Importer(815301076,1909f56bfc062723c751e8b465ee728b)
Start importing Assets/Skyboxes/SpaceSkies Free/Skybox_1/Textures/4K_Resolution/Left_4K_TEX.png using Guid(0df7cac303be5da4b8a48d3fef142f03) Importer(815301076,1909f56bfc062723c751e8b465ee728b)  -> (artifact id: 'fcd1542bea0d7fd8c3bb1c5e49a58231') in 0.017450 seconds 
========================================================================
Received Import Request.
  Time since last request: 0.000032 seconds.
  path: Assets/Skyboxes/SpaceSkies Free/Skybox_1/Textures/4K_Resolution/Right_4K_TEX.png
  artifactKey: Guid(985fa1ea9fecfaf469918bae7e557416) Importer(815301076,1909f56bfc062723c751e8b465ee728b)
Start importing Assets/Skyboxes/SpaceSkies Free/Skybox_1/Textures/4K_Resolution/Right_4K_TEX.png using Guid(985fa1ea9fecfaf469918bae7e557416) Importer(815301076,1909f56bfc062723c751e8b465ee728b)  -> (artifact id: 'a996734c734acdb2d51feccd53d8868b') in 0.019235 seconds 
========================================================================
Received Import Request.
  Time since last request: 6.351344 seconds.
  path: Assets/Skyboxes/SpaceSkies Free/Skybox_2/Green_2K_Resoution.mat
  artifactKey: Guid(269967744bbed1849a317b8175dc3f43) Importer(815301076,1909f56bfc062723c751e8b465ee728b)
Start importing Assets/Skyboxes/SpaceSkies Free/Skybox_2/Green_2K_Resoution.mat using Guid(269967744bbed1849a317b8175dc3f43) Importer(815301076,1909f56bfc062723c751e8b465ee728b)  -> (artifact id: 'fa38f0b5c2bf342bc6ad0cb86df36a3b') in 0.026813 seconds 
========================================================================
Received Prepare
Registering precompiled user dll's ...
Registered in 0.007390 seconds.
Begin MonoManager ReloadAssembly
Symbol file LoadedFromMemory doesn't match image C:\Users\mahrt\unity\SpaceGame\Library\PackageCache\com.unity.visualscripting@1.7.6\Editor\VisualScripting.Core\Dependencies\YamlDotNet\Unity.VisualScripting.YamlDotNet.dll
Symbol file LoadedFromMemory is not a mono symbol file
Symbol file LoadedFromMemory doesn't match image C:\Users\mahrt\unity\SpaceGame\Library\PackageCache\com.unity.visualscripting@1.7.6\Editor\VisualScripting.Core\Dependencies\DotNetZip\Unity.VisualScripting.IonicZip.dll
Native extension for WindowsStandalone target not found
Refreshing native plugins compatible for Editor in 1.43 ms, found 3 plugins.
Preloading 0 native plugins for Editor in 0.00 ms.
Mono: successfully reloaded assembly
- Completed reload, in  1.516 seconds
Domain Reload Profiling:
	ReloadAssembly (1517ms)
		BeginReloadAssembly (150ms)
			ExecutionOrderSort (0ms)
			DisableScriptedObjects (5ms)
			BackupInstance (0ms)
			ReleaseScriptingObjects (0ms)
			CreateAndSetChildDomain (51ms)
		EndReloadAssembly (1271ms)
			LoadAssemblies (98ms)
			RebuildTransferFunctionScriptingTraits (0ms)
			SetupTypeCache (384ms)
			ReleaseScriptCaches (2ms)
			RebuildScriptCaches (74ms)
			SetupLoadedEditorAssemblies (639ms)
				LogAssemblyErrors (0ms)
				InitializePlatformSupportModulesInManaged (15ms)
				SetLoadedEditorAssemblies (1ms)
				RefreshPlugins (2ms)
				BeforeProcessingInitializeOnLoad (110ms)
				ProcessInitializeOnLoadAttributes (391ms)
				ProcessInitializeOnLoadMethodAttributes (116ms)
				AfterProcessingInitializeOnLoad (5ms)
				EditorAssembliesLoaded (0ms)
			ExecutionOrderSort2 (0ms)
			AwakeInstancesAfterBackupRestoration (10ms)
Platform modules already initialized, skipping
Refreshing native plugins compatible for Editor in 3.23 ms, found 3 plugins.
Preloading 0 native plugins for Editor in 0.00 ms.
Unloading 4671 Unused Serialized files (Serialized files now loaded: 0)
Unloading 21 unused Assets / (434.8 KB). Loaded Objects now: 5200.
Memory consumption went from 166.9 MB to 166.5 MB.
Total: 5.190500 ms (FindLiveObjects: 0.432800 ms CreateObjectMapping: 0.455500 ms MarkObjects: 4.144100 ms  DeleteObjects: 0.157200 ms)

AssetImportParameters requested are different than current active one (requested -> active):
  custom:video-decoder-ogg-theora: a1e56fd34408186e4bbccfd4996cb3dc -> 
  custom:container-muxer-webm: aa71ff27fc2769a1b78a27578f13a17b -> 
  custom:container-demuxer-webm: 4f35f7cbe854078d1ac9338744f61a02 -> 
  custom:video-encoder-webm-vp8: eb34c28f22e8b96e1ab97ce403110664 -> 
  custom:audio-encoder-webm-vorbis: bf7c407c2cedff20999df2af8eb42d56 -> 
  custom:framework-win-MediaFoundation: 216162199b28c13a410421893ffa2e32 -> 
  custom:container-demuxer-ogg: 62fdf1f143b41e24485cea50d1cbac27 -> 
  custom:video-decoder-webm-vp8: 9c59270c3fd7afecdb556c50c9e8de78 -> 
  custom:audio-decoder-ogg-vorbis: bf7c407c2cedff20999df2af8eb42d56 -> 
========================================================================
Received Import Request.
  Time since last request: 194.633969 seconds.
  path: Assets/Skyboxes/SpaceSkies Free/Skybox_2/Textures/4K_Resolution/Back_4K_TEX.png
  artifactKey: Guid(1886fe84c8912234586d4423d3439af7) Importer(815301076,1909f56bfc062723c751e8b465ee728b)
Start importing Assets/Skyboxes/SpaceSkies Free/Skybox_2/Textures/4K_Resolution/Back_4K_TEX.png using Guid(1886fe84c8912234586d4423d3439af7) Importer(815301076,1909f56bfc062723c751e8b465ee728b)  -> (artifact id: '7382461d6bf5a25dac995b2ac267c93c') in 0.059947 seconds 
========================================================================
Received Import Request.
  Time since last request: 0.000021 seconds.
  path: Assets/Skyboxes/SpaceSkies Free/Skybox_2/Textures/4K_Resolution/Right_4K_TEX.png
  artifactKey: Guid(7f2abb6c41baed84a8eb41adc730dd6d) Importer(815301076,1909f56bfc062723c751e8b465ee728b)
Start importing Assets/Skyboxes/SpaceSkies Free/Skybox_2/Textures/4K_Resolution/Right_4K_TEX.png using Guid(7f2abb6c41baed84a8eb41adc730dd6d) Importer(815301076,1909f56bfc062723c751e8b465ee728b)  -> (artifact id: '29e8aa1ed6ae30155fec3032363db7ec') in 0.016287 seconds 
========================================================================
Received Import Request.
  Time since last request: 0.000019 seconds.
  path: Assets/Skyboxes/SpaceSkies Free/Skybox_2/Textures/4K_Resolution/Left_4K_TEX.png
  artifactKey: Guid(50e9f1a69832c5244a6ac020a6b0bba6) Importer(815301076,1909f56bfc062723c751e8b465ee728b)
Start importing Assets/Skyboxes/SpaceSkies Free/Skybox_2/Textures/4K_Resolution/Left_4K_TEX.png using Guid(50e9f1a69832c5244a6ac020a6b0bba6) Importer(815301076,1909f56bfc062723c751e8b465ee728b)  -> (artifact id: 'ca90f9718acfef9197b2bebea3c91702') in 0.015705 seconds 
========================================================================
Received Prepare
Registering precompiled user dll's ...
Registered in 0.005365 seconds.
Begin MonoManager ReloadAssembly
Symbol file LoadedFromMemory doesn't match image C:\Users\mahrt\unity\SpaceGame\Library\PackageCache\com.unity.visualscripting@1.7.6\Editor\VisualScripting.Core\Dependencies\YamlDotNet\Unity.VisualScripting.YamlDotNet.dll
Symbol file LoadedFromMemory is not a mono symbol file
Symbol file LoadedFromMemory doesn't match image C:\Users\mahrt\unity\SpaceGame\Library\PackageCache\com.unity.visualscripting@1.7.6\Editor\VisualScripting.Core\Dependencies\DotNetZip\Unity.VisualScripting.IonicZip.dll
Native extension for WindowsStandalone target not found
Refreshing native plugins compatible for Editor in 0.69 ms, found 3 plugins.
Preloading 0 native plugins for Editor in 0.00 ms.
Mono: successfully reloaded assembly
- Completed reload, in  1.494 seconds
Domain Reload Profiling:
	ReloadAssembly (1495ms)
		BeginReloadAssembly (153ms)
			ExecutionOrderSort (0ms)
			DisableScriptedObjects (5ms)
			BackupInstance (0ms)
			ReleaseScriptingObjects (0ms)
			CreateAndSetChildDomain (50ms)
		EndReloadAssembly (1236ms)
			LoadAssemblies (104ms)
			RebuildTransferFunctionScriptingTraits (0ms)
			SetupTypeCache (391ms)
			ReleaseScriptCaches (2ms)
			RebuildScriptCaches (67ms)
			SetupLoadedEditorAssemblies (609ms)
				LogAssemblyErrors (0ms)
				InitializePlatformSupportModulesInManaged (15ms)
				SetLoadedEditorAssemblies (1ms)
				RefreshPlugins (1ms)
				BeforeProcessingInitializeOnLoad (107ms)
				ProcessInitializeOnLoadAttributes (392ms)
				ProcessInitializeOnLoadMethodAttributes (90ms)
				AfterProcessingInitializeOnLoad (4ms)
				EditorAssembliesLoaded (0ms)
			ExecutionOrderSort2 (0ms)
			AwakeInstancesAfterBackupRestoration (7ms)
Platform modules already initialized, skipping
Refreshing native plugins compatible for Editor in 3.07 ms, found 3 plugins.
Preloading 0 native plugins for Editor in 0.00 ms.
Unloading 4671 Unused Serialized files (Serialized files now loaded: 0)
Unloading 21 unused Assets / (435.2 KB). Loaded Objects now: 5215.
Memory consumption went from 167.0 MB to 166.5 MB.
Total: 4.301500 ms (FindLiveObjects: 0.685000 ms CreateObjectMapping: 0.585800 ms MarkObjects: 2.908300 ms  DeleteObjects: 0.121200 ms)

AssetImportParameters requested are different than current active one (requested -> active):
  custom:video-decoder-ogg-theora: a1e56fd34408186e4bbccfd4996cb3dc -> 
  custom:container-muxer-webm: aa71ff27fc2769a1b78a27578f13a17b -> 
  custom:container-demuxer-webm: 4f35f7cbe854078d1ac9338744f61a02 -> 
  custom:video-encoder-webm-vp8: eb34c28f22e8b96e1ab97ce403110664 -> 
  custom:audio-encoder-webm-vorbis: bf7c407c2cedff20999df2af8eb42d56 -> 
  custom:framework-win-MediaFoundation: 216162199b28c13a410421893ffa2e32 -> 
  custom:container-demuxer-ogg: 62fdf1f143b41e24485cea50d1cbac27 -> 
  custom:video-decoder-webm-vp8: 9c59270c3fd7afecdb556c50c9e8de78 -> 
  custom:audio-decoder-ogg-vorbis: bf7c407c2cedff20999df2af8eb42d56 -> 
========================================================================
Received Prepare
Registering precompiled user dll's ...
Registered in 0.004271 seconds.
Begin MonoManager ReloadAssembly
Symbol file LoadedFromMemory doesn't match image C:\Users\mahrt\unity\SpaceGame\Library\PackageCache\com.unity.visualscripting@1.7.6\Editor\VisualScripting.Core\Dependencies\YamlDotNet\Unity.VisualScripting.YamlDotNet.dll
Symbol file LoadedFromMemory is not a mono symbol file
Symbol file LoadedFromMemory doesn't match image C:\Users\mahrt\unity\SpaceGame\Library\PackageCache\com.unity.visualscripting@1.7.6\Editor\VisualScripting.Core\Dependencies\DotNetZip\Unity.VisualScripting.IonicZip.dll
Native extension for WindowsStandalone target not found
Refreshing native plugins compatible for Editor in 1.35 ms, found 3 plugins.
Preloading 0 native plugins for Editor in 0.00 ms.
Mono: successfully reloaded assembly
- Completed reload, in  1.513 seconds
Domain Reload Profiling:
	ReloadAssembly (1513ms)
		BeginReloadAssembly (140ms)
			ExecutionOrderSort (0ms)
			DisableScriptedObjects (5ms)
			BackupInstance (0ms)
			ReleaseScriptingObjects (0ms)
			CreateAndSetChildDomain (41ms)
		EndReloadAssembly (1270ms)
			LoadAssemblies (106ms)
			RebuildTransferFunctionScriptingTraits (0ms)
			SetupTypeCache (386ms)
			ReleaseScriptCaches (3ms)
			RebuildScriptCaches (74ms)
			SetupLoadedEditorAssemblies (626ms)
				LogAssemblyErrors (0ms)
				InitializePlatformSupportModulesInManaged (16ms)
				SetLoadedEditorAssemblies (2ms)
				RefreshPlugins (1ms)
				BeforeProcessingInitializeOnLoad (105ms)
				ProcessInitializeOnLoadAttributes (406ms)
				ProcessInitializeOnLoadMethodAttributes (92ms)
				AfterProcessingInitializeOnLoad (4ms)
				EditorAssembliesLoaded (0ms)
			ExecutionOrderSort2 (0ms)
			AwakeInstancesAfterBackupRestoration (7ms)
Platform modules already initialized, skipping
Refreshing native plugins compatible for Editor in 2.51 ms, found 3 plugins.
Preloading 0 native plugins for Editor in 0.00 ms.
Unloading 4671 Unused Serialized files (Serialized files now loaded: 0)
Unloading 21 unused Assets / (435.3 KB). Loaded Objects now: 5230.
Memory consumption went from 167.0 MB to 166.6 MB.
Total: 3.272000 ms (FindLiveObjects: 0.388100 ms CreateObjectMapping: 0.352100 ms MarkObjects: 2.397600 ms  DeleteObjects: 0.133300 ms)

AssetImportParameters requested are different than current active one (requested -> active):
  custom:video-decoder-ogg-theora: a1e56fd34408186e4bbccfd4996cb3dc -> 
  custom:container-muxer-webm: aa71ff27fc2769a1b78a27578f13a17b -> 
  custom:container-demuxer-webm: 4f35f7cbe854078d1ac9338744f61a02 -> 
  custom:video-encoder-webm-vp8: eb34c28f22e8b96e1ab97ce403110664 -> 
  custom:audio-encoder-webm-vorbis: bf7c407c2cedff20999df2af8eb42d56 -> 
  custom:framework-win-MediaFoundation: 216162199b28c13a410421893ffa2e32 -> 
  custom:container-demuxer-ogg: 62fdf1f143b41e24485cea50d1cbac27 -> 
  custom:video-decoder-webm-vp8: 9c59270c3fd7afecdb556c50c9e8de78 -> 
  custom:audio-decoder-ogg-vorbis: bf7c407c2cedff20999df2af8eb42d56 -> 
========================================================================
Received Import Request.
  Time since last request: 48.910059 seconds.
  path: Assets/Skyboxes/SpaceSkies Free/Skybox_3/Purple_2K_Resolution.mat
  artifactKey: Guid(246d4b1ad4a63004d8fcf3949494e5b3) Importer(815301076,1909f56bfc062723c751e8b465ee728b)
Start importing Assets/Skyboxes/SpaceSkies Free/Skybox_3/Purple_2K_Resolution.mat using Guid(246d4b1ad4a63004d8fcf3949494e5b3) Importer(815301076,1909f56bfc062723c751e8b465ee728b)  -> (artifact id: '5ab91cf40759ff37d92a6b797838bec3') in 0.098052 seconds 
========================================================================
Received Import Request.
  Time since last request: 0.893500 seconds.
  path: Assets/Skyboxes/SpaceSkies Free/Skybox_3/Textures/4K_Resolution/Back_4K_TEX.png
  artifactKey: Guid(976f43d30e9b941428981e086b24c91f) Importer(815301076,1909f56bfc062723c751e8b465ee728b)
Start importing Assets/Skyboxes/SpaceSkies Free/Skybox_3/Textures/4K_Resolution/Back_4K_TEX.png using Guid(976f43d30e9b941428981e086b24c91f) Importer(815301076,1909f56bfc062723c751e8b465ee728b)  -> (artifact id: '7e875341572c99f9e9f2fb5772efcf4a') in 0.022018 seconds 
========================================================================
Received Import Request.
  Time since last request: 0.000025 seconds.
  path: Assets/Skyboxes/SpaceSkies Free/Skybox_3/Textures/4K_Resolution/Left_4K_TEX.png
  artifactKey: Guid(0d75254716c4d2944b355b0ac02b2f06) Importer(815301076,1909f56bfc062723c751e8b465ee728b)
Start importing Assets/Skyboxes/SpaceSkies Free/Skybox_3/Textures/4K_Resolution/Left_4K_TEX.png using Guid(0d75254716c4d2944b355b0ac02b2f06) Importer(815301076,1909f56bfc062723c751e8b465ee728b)  -> (artifact id: 'f70405bfce586e7d1ed093144e4469c1') in 0.017272 seconds 
========================================================================
Received Import Request.
  Time since last request: 0.000019 seconds.
  path: Assets/Skyboxes/SpaceSkies Free/Skybox_3/Textures/4K_Resolution/Right_4K_TEX.png
  artifactKey: Guid(85da55c4089e9664d84bfa1285a9c787) Importer(815301076,1909f56bfc062723c751e8b465ee728b)
Start importing Assets/Skyboxes/SpaceSkies Free/Skybox_3/Textures/4K_Resolution/Right_4K_TEX.png using Guid(85da55c4089e9664d84bfa1285a9c787) Importer(815301076,1909f56bfc062723c751e8b465ee728b)  -> (artifact id: '9ee90e8cbf29180ec680cf9889aa36c0') in 0.023445 seconds 
========================================================================
Received Prepare
Registering precompiled user dll's ...
Registered in 0.004439 seconds.
Begin MonoManager ReloadAssembly
Symbol file LoadedFromMemory doesn't match image C:\Users\mahrt\unity\SpaceGame\Library\PackageCache\com.unity.visualscripting@1.7.6\Editor\VisualScripting.Core\Dependencies\YamlDotNet\Unity.VisualScripting.YamlDotNet.dll
Symbol file LoadedFromMemory is not a mono symbol file
Symbol file LoadedFromMemory doesn't match image C:\Users\mahrt\unity\SpaceGame\Library\PackageCache\com.unity.visualscripting@1.7.6\Editor\VisualScripting.Core\Dependencies\DotNetZip\Unity.VisualScripting.IonicZip.dll
Native extension for WindowsStandalone target not found
Refreshing native plugins compatible for Editor in 0.67 ms, found 3 plugins.
Preloading 0 native plugins for Editor in 0.00 ms.
Mono: successfully reloaded assembly
- Completed reload, in  1.494 seconds
Domain Reload Profiling:
	ReloadAssembly (1495ms)
		BeginReloadAssembly (147ms)
			ExecutionOrderSort (0ms)
			DisableScriptedObjects (5ms)
			BackupInstance (0ms)
			ReleaseScriptingObjects (0ms)
			CreateAndSetChildDomain (51ms)
		EndReloadAssembly (1236ms)
			LoadAssemblies (102ms)
			RebuildTransferFunctionScriptingTraits (0ms)
			SetupTypeCache (389ms)
			ReleaseScriptCaches (3ms)
			RebuildScriptCaches (69ms)
			SetupLoadedEditorAssemblies (596ms)
				LogAssemblyErrors (0ms)
				InitializePlatformSupportModulesInManaged (13ms)
				SetLoadedEditorAssemblies (0ms)
				RefreshPlugins (1ms)
				BeforeProcessingInitializeOnLoad (101ms)
				ProcessInitializeOnLoadAttributes (390ms)
				ProcessInitializeOnLoadMethodAttributes (88ms)
				AfterProcessingInitializeOnLoad (3ms)
				EditorAssembliesLoaded (0ms)
			ExecutionOrderSort2 (0ms)
			AwakeInstancesAfterBackupRestoration (8ms)
Platform modules already initialized, skipping
Refreshing native plugins compatible for Editor in 3.17 ms, found 3 plugins.
Preloading 0 native plugins for Editor in 0.00 ms.
Unloading 4671 Unused Serialized files (Serialized files now loaded: 0)
Unloading 21 unused Assets / (435.3 KB). Loaded Objects now: 5245.
Memory consumption went from 167.0 MB to 166.6 MB.
Total: 4.017100 ms (FindLiveObjects: 0.418100 ms CreateObjectMapping: 0.365500 ms MarkObjects: 3.119600 ms  DeleteObjects: 0.112700 ms)

AssetImportParameters requested are different than current active one (requested -> active):
  custom:video-decoder-ogg-theora: a1e56fd34408186e4bbccfd4996cb3dc -> 
  custom:container-muxer-webm: aa71ff27fc2769a1b78a27578f13a17b -> 
  custom:container-demuxer-webm: 4f35f7cbe854078d1ac9338744f61a02 -> 
  custom:video-encoder-webm-vp8: eb34c28f22e8b96e1ab97ce403110664 -> 
  custom:audio-encoder-webm-vorbis: bf7c407c2cedff20999df2af8eb42d56 -> 
  custom:framework-win-MediaFoundation: 216162199b28c13a410421893ffa2e32 -> 
  custom:container-demuxer-ogg: 62fdf1f143b41e24485cea50d1cbac27 -> 
  custom:video-decoder-webm-vp8: 9c59270c3fd7afecdb556c50c9e8de78 -> 
  custom:audio-decoder-ogg-vorbis: bf7c407c2cedff20999df2af8eb42d56 -> 
