Using pre-set license
Built from '2021.3/staging' branch; Version is '2021.3.1f1 (3b70a0754835) revision 3895456'; Using compiler version '192829333'; Build Type 'Release'
OS: 'Windows 10  (10.0.19044) 64bit ProfessionalN' Language: 'de' Physical Memory: 24518 MB
BatchMode: 1, IsHumanControllingUs: 0, StartBugReporterOnCrash: 0, Is64bit: 1, IsPro: 1

COMMAND LINE ARGUMENTS:
D:\Unity\2021.3.1f1\Editor\Unity.exe
-adb2
-batchMode
-noUpm
-name
AssetImportWorker0
-projectPath
C:/Users/mahrt/unity/SpaceGame
-logFile
Logs/AssetImportWorker0.log
-srvPort
53918
Successfully changed project path to: C:/Users/mahrt/unity/SpaceGame
C:/Users/mahrt/unity/SpaceGame
[UnityMemory] Configuration Parameters - Can be set up in boot.config
    "memorysetup-bucket-allocator-granularity=16"
    "memorysetup-bucket-allocator-bucket-count=8"
    "memorysetup-bucket-allocator-block-size=33554432"
    "memorysetup-bucket-allocator-block-count=8"
    "memorysetup-main-allocator-block-size=16777216"
    "memorysetup-thread-allocator-block-size=16777216"
    "memorysetup-gfx-main-allocator-block-size=16777216"
    "memorysetup-gfx-thread-allocator-block-size=16777216"
    "memorysetup-cache-allocator-block-size=4194304"
    "memorysetup-typetree-allocator-block-size=2097152"
    "memorysetup-profiler-bucket-allocator-granularity=16"
    "memorysetup-profiler-bucket-allocator-bucket-count=8"
    "memorysetup-profiler-bucket-allocator-block-size=33554432"
    "memorysetup-profiler-bucket-allocator-block-count=8"
    "memorysetup-profiler-allocator-block-size=16777216"
    "memorysetup-profiler-editor-allocator-block-size=1048576"
    "memorysetup-temp-allocator-size-main=16777216"
    "memorysetup-job-temp-allocator-block-size=2097152"
    "memorysetup-job-temp-allocator-block-size-background=1048576"
    "memorysetup-job-temp-allocator-reduction-small-platforms=262144"
    "memorysetup-temp-allocator-size-background-worker=32768"
    "memorysetup-temp-allocator-size-job-worker=262144"
    "memorysetup-temp-allocator-size-preload-manager=33554432"
    "memorysetup-temp-allocator-size-nav-mesh-worker=65536"
    "memorysetup-temp-allocator-size-audio-worker=65536"
    "memorysetup-temp-allocator-size-cloud-worker=32768"
    "memorysetup-temp-allocator-size-gi-baking-worker=262144"
    "memorysetup-temp-allocator-size-gfx=262144"
Refreshing native plugins compatible for Editor in 69.88 ms, found 3 plugins.
Preloading 0 native plugins for Editor in 0.00 ms.
Initialize engine version: 2021.3.1f1 (3b70a0754835)
[Subsystems] Discovering subsystems at path D:/Unity/2021.3.1f1/Editor/Data/Resources/UnitySubsystems
[Subsystems] Discovering subsystems at path C:/Users/mahrt/unity/SpaceGame/Assets
GfxDevice: creating device client; threaded=0; jobified=0
Direct3D:
    Version:  Direct3D 11.0 [level 11.1]
    Renderer: NVIDIA GeForce GTX 1070 (ID=0x1b81)
    Vendor:   NVIDIA
    VRAM:     8088 MB
    Driver:   30.0.15.1215
Initialize mono
Mono path[0] = 'D:/Unity/2021.3.1f1/Editor/Data/Managed'
Mono path[1] = 'D:/Unity/2021.3.1f1/Editor/Data/MonoBleedingEdge/lib/mono/unityjit-win32'
Mono config path = 'D:/Unity/2021.3.1f1/Editor/Data/MonoBleedingEdge/etc'
Using monoOptions --debugger-agent=transport=dt_socket,embedding=1,server=y,suspend=n,address=127.0.0.1:56300
Begin MonoManager ReloadAssembly
Registering precompiled unity dll's ...
Register platform support module: D:/Unity/2021.3.1f1/Editor/Data/PlaybackEngines/WindowsStandaloneSupport/UnityEditor.WindowsStandalone.Extensions.dll
Registered in 0.584943 seconds.
Native extension for WindowsStandalone target not found
Refreshing native plugins compatible for Editor in 73.81 ms, found 3 plugins.
Preloading 0 native plugins for Editor in 0.00 ms.
Mono: successfully reloaded assembly
- Completed reload, in  1.651 seconds
Domain Reload Profiling:
	ReloadAssembly (1901ms)
		BeginReloadAssembly (77ms)
			ExecutionOrderSort (0ms)
			DisableScriptedObjects (0ms)
			BackupInstance (0ms)
			ReleaseScriptingObjects (0ms)
			CreateAndSetChildDomain (1ms)
		EndReloadAssembly (1151ms)
			LoadAssemblies (66ms)
			RebuildTransferFunctionScriptingTraits (0ms)
			SetupTypeCache (89ms)
			ReleaseScriptCaches (0ms)
			RebuildScriptCaches (30ms)
			SetupLoadedEditorAssemblies (607ms)
				LogAssemblyErrors (0ms)
				InitializePlatformSupportModulesInManaged (226ms)
				SetLoadedEditorAssemblies (0ms)
				RefreshPlugins (199ms)
				BeforeProcessingInitializeOnLoad (3ms)
				ProcessInitializeOnLoadAttributes (138ms)
				ProcessInitializeOnLoadMethodAttributes (40ms)
				AfterProcessingInitializeOnLoad (0ms)
				EditorAssembliesLoaded (0ms)
			ExecutionOrderSort2 (0ms)
			AwakeInstancesAfterBackupRestoration (0ms)
Platform modules already initialized, skipping
Registering precompiled user dll's ...
Registered in 0.003952 seconds.
Begin MonoManager ReloadAssembly
Symbol file LoadedFromMemory doesn't match image C:\Users\mahrt\unity\SpaceGame\Library\PackageCache\com.unity.visualscripting@1.7.6\Editor\VisualScripting.Core\Dependencies\YamlDotNet\Unity.VisualScripting.YamlDotNet.dll
Symbol file LoadedFromMemory is not a mono symbol file
Symbol file LoadedFromMemory doesn't match image C:\Users\mahrt\unity\SpaceGame\Library\PackageCache\com.unity.visualscripting@1.7.6\Editor\VisualScripting.Core\Dependencies\DotNetZip\Unity.VisualScripting.IonicZip.dll
Native extension for WindowsStandalone target not found
Refreshing native plugins compatible for Editor in 0.42 ms, found 3 plugins.
Preloading 0 native plugins for Editor in 0.00 ms.
Mono: successfully reloaded assembly
- Completed reload, in  1.249 seconds
Domain Reload Profiling:
	ReloadAssembly (1558ms)
		BeginReloadAssembly (239ms)
			ExecutionOrderSort (0ms)
			DisableScriptedObjects (6ms)
			BackupInstance (0ms)
			ReleaseScriptingObjects (0ms)
			CreateAndSetChildDomain (16ms)
		EndReloadAssembly (1229ms)
			LoadAssemblies (256ms)
			RebuildTransferFunctionScriptingTraits (0ms)
			SetupTypeCache (247ms)
			ReleaseScriptCaches (1ms)
			RebuildScriptCaches (47ms)
			SetupLoadedEditorAssemblies (468ms)
				LogAssemblyErrors (0ms)
				InitializePlatformSupportModulesInManaged (142ms)
				SetLoadedEditorAssemblies (1ms)
				RefreshPlugins (1ms)
				BeforeProcessingInitializeOnLoad (79ms)
				ProcessInitializeOnLoadAttributes (220ms)
				ProcessInitializeOnLoadMethodAttributes (22ms)
				AfterProcessingInitializeOnLoad (3ms)
				EditorAssembliesLoaded (0ms)
			ExecutionOrderSort2 (0ms)
			AwakeInstancesAfterBackupRestoration (7ms)
Platform modules already initialized, skipping
========================================================================
Worker process is ready to serve import requests
Launched and connected shader compiler UnityShaderCompiler.exe after 0.07 seconds
Refreshing native plugins compatible for Editor in 0.40 ms, found 3 plugins.
Preloading 0 native plugins for Editor in 0.00 ms.
Unloading 3226 Unused Serialized files (Serialized files now loaded: 0)
Unloading 23 unused Assets / (112.0 KB). Loaded Objects now: 3687.
Memory consumption went from 112.3 MB to 112.2 MB.
Total: 4.377600 ms (FindLiveObjects: 0.597300 ms CreateObjectMapping: 0.309800 ms MarkObjects: 3.324500 ms  DeleteObjects: 0.144100 ms)

AssetImportParameters requested are different than current active one (requested -> active):
  custom:video-decoder-ogg-theora: a1e56fd34408186e4bbccfd4996cb3dc -> 
  custom:container-muxer-webm: aa71ff27fc2769a1b78a27578f13a17b -> 
  custom:container-demuxer-webm: 4f35f7cbe854078d1ac9338744f61a02 -> 
  custom:video-encoder-webm-vp8: eb34c28f22e8b96e1ab97ce403110664 -> 
  custom:audio-encoder-webm-vorbis: bf7c407c2cedff20999df2af8eb42d56 -> 
  custom:framework-win-MediaFoundation: 216162199b28c13a410421893ffa2e32 -> 
  custom:container-demuxer-ogg: 62fdf1f143b41e24485cea50d1cbac27 -> 
  custom:video-decoder-webm-vp8: 9c59270c3fd7afecdb556c50c9e8de78 -> 
  custom:audio-decoder-ogg-vorbis: bf7c407c2cedff20999df2af8eb42d56 -> 
========================================================================
Received Import Request.
  Time since last request: 268649.357182 seconds.
  path: Assets/Materials/PlanetMat.mat
  artifactKey: Guid(00fd4e33818724f4d83376e5bbc1c11d) Importer(815301076,1909f56bfc062723c751e8b465ee728b)
Start importing Assets/Materials/PlanetMat.mat using Guid(00fd4e33818724f4d83376e5bbc1c11d) Importer(815301076,1909f56bfc062723c751e8b465ee728b)  -> (artifact id: '90bef277e95dee66c63bcc2441d79cd9') in 0.155077 seconds 
========================================================================
Received Import Request.
  Time since last request: 55.299924 seconds.
  path: Assets/Prefabs/Planet.prefab
  artifactKey: Guid(358ea540a901d3b418dfeb3d658bd66a) Importer(815301076,1909f56bfc062723c751e8b465ee728b)
Start importing Assets/Prefabs/Planet.prefab using Guid(358ea540a901d3b418dfeb3d658bd66a) Importer(815301076,1909f56bfc062723c751e8b465ee728b)  -> (artifact id: '2f9e72082b045c48f0275f197cea3cd2') in 0.053977 seconds 
========================================================================
Received Import Request.
  Time since last request: 4.706810 seconds.
  path: Assets/Meshes
  artifactKey: Guid(a5aad6aeddd65f44a84b3fce353eeb1a) Importer(815301076,1909f56bfc062723c751e8b465ee728b)
Start importing Assets/Meshes using Guid(a5aad6aeddd65f44a84b3fce353eeb1a) Importer(815301076,1909f56bfc062723c751e8b465ee728b)  -> (artifact id: '9a3d170414817eb3587985dab6c9783f') in 0.005393 seconds 
========================================================================
Received Import Request.
  Time since last request: 8.896338 seconds.
  path: Assets/Meshes/Player
  artifactKey: Guid(49efc83cb4aa0b84088c486075adef01) Importer(815301076,1909f56bfc062723c751e8b465ee728b)
Start importing Assets/Meshes/Player using Guid(49efc83cb4aa0b84088c486075adef01) Importer(815301076,1909f56bfc062723c751e8b465ee728b)  -> (artifact id: '0d87800ca9167f6e72a7bee04cad72f5') in 0.006327 seconds 
========================================================================
Received Prepare
Registering precompiled user dll's ...
Registered in 0.004853 seconds.
Begin MonoManager ReloadAssembly
Symbol file LoadedFromMemory doesn't match image C:\Users\mahrt\unity\SpaceGame\Library\PackageCache\com.unity.visualscripting@1.7.6\Editor\VisualScripting.Core\Dependencies\YamlDotNet\Unity.VisualScripting.YamlDotNet.dll
Symbol file LoadedFromMemory is not a mono symbol file
Symbol file LoadedFromMemory doesn't match image C:\Users\mahrt\unity\SpaceGame\Library\PackageCache\com.unity.visualscripting@1.7.6\Editor\VisualScripting.Core\Dependencies\DotNetZip\Unity.VisualScripting.IonicZip.dll
Native extension for WindowsStandalone target not found
Refreshing native plugins compatible for Editor in 0.73 ms, found 3 plugins.
Preloading 0 native plugins for Editor in 0.00 ms.
Mono: successfully reloaded assembly
- Completed reload, in  1.049 seconds
Domain Reload Profiling:
	ReloadAssembly (1050ms)
		BeginReloadAssembly (142ms)
			ExecutionOrderSort (0ms)
			DisableScriptedObjects (5ms)
			BackupInstance (0ms)
			ReleaseScriptingObjects (0ms)
			CreateAndSetChildDomain (41ms)
		EndReloadAssembly (813ms)
			LoadAssemblies (91ms)
			RebuildTransferFunctionScriptingTraits (0ms)
			SetupTypeCache (277ms)
			ReleaseScriptCaches (1ms)
			RebuildScriptCaches (52ms)
			SetupLoadedEditorAssemblies (342ms)
				LogAssemblyErrors (0ms)
				InitializePlatformSupportModulesInManaged (14ms)
				SetLoadedEditorAssemblies (1ms)
				RefreshPlugins (1ms)
				BeforeProcessingInitializeOnLoad (66ms)
				ProcessInitializeOnLoadAttributes (230ms)
				ProcessInitializeOnLoadMethodAttributes (28ms)
				AfterProcessingInitializeOnLoad (3ms)
				EditorAssembliesLoaded (0ms)
			ExecutionOrderSort2 (0ms)
			AwakeInstancesAfterBackupRestoration (7ms)
Platform modules already initialized, skipping
Refreshing native plugins compatible for Editor in 1.88 ms, found 3 plugins.
Preloading 0 native plugins for Editor in 0.00 ms.
Unloading 3221 Unused Serialized files (Serialized files now loaded: 0)
Unloading 16 unused Assets / (78.9 KB). Loaded Objects now: 3730.
Memory consumption went from 116.9 MB to 116.8 MB.
Total: 3.908200 ms (FindLiveObjects: 0.354000 ms CreateObjectMapping: 0.263300 ms MarkObjects: 3.215900 ms  DeleteObjects: 0.073900 ms)

AssetImportParameters requested are different than current active one (requested -> active):
  custom:video-decoder-ogg-theora: a1e56fd34408186e4bbccfd4996cb3dc -> 
  custom:container-muxer-webm: aa71ff27fc2769a1b78a27578f13a17b -> 
  custom:container-demuxer-webm: 4f35f7cbe854078d1ac9338744f61a02 -> 
  custom:video-encoder-webm-vp8: eb34c28f22e8b96e1ab97ce403110664 -> 
  custom:audio-encoder-webm-vorbis: bf7c407c2cedff20999df2af8eb42d56 -> 
  custom:framework-win-MediaFoundation: 216162199b28c13a410421893ffa2e32 -> 
  custom:container-demuxer-ogg: 62fdf1f143b41e24485cea50d1cbac27 -> 
  custom:video-decoder-webm-vp8: 9c59270c3fd7afecdb556c50c9e8de78 -> 
  custom:audio-decoder-ogg-vorbis: bf7c407c2cedff20999df2af8eb42d56 -> 
========================================================================
Received Import Request.
  Time since last request: 4358.660494 seconds.
  path: Assets/Meshes/Player/spaceship.fbx
  artifactKey: Guid(66199b59d61e03b4987cfa43a4ceb460) Importer(815301076,1909f56bfc062723c751e8b465ee728b)
Start importing Assets/Meshes/Player/spaceship.fbx using Guid(66199b59d61e03b4987cfa43a4ceb460) Importer(815301076,1909f56bfc062723c751e8b465ee728b)  -> (artifact id: 'e53f01953eeb836c2415545b10b6db47') in 0.160206 seconds 
========================================================================
Received Import Request.
  Time since last request: 76.524420 seconds.
  path: Assets/Meshes/Player/spaceship.fbx
  artifactKey: Guid(66199b59d61e03b4987cfa43a4ceb460) Importer(815301076,1909f56bfc062723c751e8b465ee728b)
Start importing Assets/Meshes/Player/spaceship.fbx using Guid(66199b59d61e03b4987cfa43a4ceb460) Importer(815301076,1909f56bfc062723c751e8b465ee728b)  -> (artifact id: 'ed491c56a4610c359860d55514f4dbdf') in 0.028050 seconds 
========================================================================
Received Import Request.
  Time since last request: 11.064961 seconds.
  path: Assets/Materials/ImphenziaPalette01-256-Gradient.png
  artifactKey: Guid(d1881d4013bd64a408b3865116028666) Importer(815301076,1909f56bfc062723c751e8b465ee728b)
Start importing Assets/Materials/ImphenziaPalette01-256-Gradient.png using Guid(d1881d4013bd64a408b3865116028666) Importer(815301076,1909f56bfc062723c751e8b465ee728b)  -> (artifact id: 'b54720466226d0acb4381ae315599da8') in 0.028067 seconds 
========================================================================
Received Import Request.
  Time since last request: 21.024272 seconds.
  path: Assets/Materials/SpaceshipMat.mat
  artifactKey: Guid(e1f3c8e63f1d73d46af1cf9a0274c559) Importer(815301076,1909f56bfc062723c751e8b465ee728b)
Start importing Assets/Materials/SpaceshipMat.mat using Guid(e1f3c8e63f1d73d46af1cf9a0274c559) Importer(815301076,1909f56bfc062723c751e8b465ee728b)  -> (artifact id: '31acce9bf033a9b17c8254d4a2587db5') in 0.011299 seconds 
========================================================================
Received Import Request.
  Time since last request: 214.650190 seconds.
  path: Assets/Meshes/Player/spaceship.fbx
  artifactKey: Guid(66199b59d61e03b4987cfa43a4ceb460) Importer(815301076,1909f56bfc062723c751e8b465ee728b)
Start importing Assets/Meshes/Player/spaceship.fbx using Guid(66199b59d61e03b4987cfa43a4ceb460) Importer(815301076,1909f56bfc062723c751e8b465ee728b)  -> (artifact id: '17762a42abe34f7ee2576f46582bc654') in 0.024382 seconds 
========================================================================
Received Prepare
Registering precompiled user dll's ...
Registered in 0.003859 seconds.
Begin MonoManager ReloadAssembly
Symbol file LoadedFromMemory doesn't match image C:\Users\mahrt\unity\SpaceGame\Library\PackageCache\com.unity.visualscripting@1.7.6\Editor\VisualScripting.Core\Dependencies\YamlDotNet\Unity.VisualScripting.YamlDotNet.dll
Symbol file LoadedFromMemory is not a mono symbol file
Symbol file LoadedFromMemory doesn't match image C:\Users\mahrt\unity\SpaceGame\Library\PackageCache\com.unity.visualscripting@1.7.6\Editor\VisualScripting.Core\Dependencies\DotNetZip\Unity.VisualScripting.IonicZip.dll
Native extension for WindowsStandalone target not found
Refreshing native plugins compatible for Editor in 0.44 ms, found 3 plugins.
Preloading 0 native plugins for Editor in 0.00 ms.
Mono: successfully reloaded assembly
- Completed reload, in  0.947 seconds
Domain Reload Profiling:
	ReloadAssembly (948ms)
		BeginReloadAssembly (129ms)
			ExecutionOrderSort (0ms)
			DisableScriptedObjects (4ms)
			BackupInstance (0ms)
			ReleaseScriptingObjects (0ms)
			CreateAndSetChildDomain (39ms)
		EndReloadAssembly (743ms)
			LoadAssemblies (78ms)
			RebuildTransferFunctionScriptingTraits (0ms)
			SetupTypeCache (227ms)
			ReleaseScriptCaches (1ms)
			RebuildScriptCaches (42ms)
			SetupLoadedEditorAssemblies (344ms)
				LogAssemblyErrors (0ms)
				InitializePlatformSupportModulesInManaged (14ms)
				SetLoadedEditorAssemblies (0ms)
				RefreshPlugins (0ms)
				BeforeProcessingInitializeOnLoad (70ms)
				ProcessInitializeOnLoadAttributes (230ms)
				ProcessInitializeOnLoadMethodAttributes (25ms)
				AfterProcessingInitializeOnLoad (3ms)
				EditorAssembliesLoaded (0ms)
			ExecutionOrderSort2 (0ms)
			AwakeInstancesAfterBackupRestoration (7ms)
Platform modules already initialized, skipping
Refreshing native plugins compatible for Editor in 1.64 ms, found 3 plugins.
Preloading 0 native plugins for Editor in 0.00 ms.
Unloading 3221 Unused Serialized files (Serialized files now loaded: 0)
Unloading 16 unused Assets / (78.9 KB). Loaded Objects now: 3738.
Memory consumption went from 117.1 MB to 117.0 MB.
Total: 2.834200 ms (FindLiveObjects: 0.284600 ms CreateObjectMapping: 0.166900 ms MarkObjects: 2.312800 ms  DeleteObjects: 0.068900 ms)

AssetImportParameters requested are different than current active one (requested -> active):
  custom:video-decoder-ogg-theora: a1e56fd34408186e4bbccfd4996cb3dc -> 
  custom:container-muxer-webm: aa71ff27fc2769a1b78a27578f13a17b -> 
  custom:container-demuxer-webm: 4f35f7cbe854078d1ac9338744f61a02 -> 
  custom:video-encoder-webm-vp8: eb34c28f22e8b96e1ab97ce403110664 -> 
  custom:audio-encoder-webm-vorbis: bf7c407c2cedff20999df2af8eb42d56 -> 
  custom:framework-win-MediaFoundation: 216162199b28c13a410421893ffa2e32 -> 
  custom:container-demuxer-ogg: 62fdf1f143b41e24485cea50d1cbac27 -> 
  custom:video-decoder-webm-vp8: 9c59270c3fd7afecdb556c50c9e8de78 -> 
  custom:audio-decoder-ogg-vorbis: bf7c407c2cedff20999df2af8eb42d56 -> 
========================================================================
Received Import Request.
  Time since last request: 228.144160 seconds.
  path: Assets/Materials/SpaceshipMat.mat
  artifactKey: Guid(e1f3c8e63f1d73d46af1cf9a0274c559) Importer(815301076,1909f56bfc062723c751e8b465ee728b)
Start importing Assets/Materials/SpaceshipMat.mat using Guid(e1f3c8e63f1d73d46af1cf9a0274c559) Importer(815301076,1909f56bfc062723c751e8b465ee728b)  -> (artifact id: '8736971c13fbfa09424947e6b525016d') in 0.068787 seconds 
========================================================================
Received Import Request.
  Time since last request: 45.359613 seconds.
  path: Assets/AnimatorControllers
  artifactKey: Guid(313fe9d0a82a1c34c8e05613f53d3ea0) Importer(815301076,1909f56bfc062723c751e8b465ee728b)
Start importing Assets/AnimatorControllers using Guid(313fe9d0a82a1c34c8e05613f53d3ea0) Importer(815301076,1909f56bfc062723c751e8b465ee728b)  -> (artifact id: 'c19d6f18373e58a1501641faba7675a3') in 0.006395 seconds 
========================================================================
Received Import Request.
  Time since last request: 8.475858 seconds.
  path: Assets/AnimatorControllers/PlayerSpaceShipAnimatorController.controller
  artifactKey: Guid(84dd12f41c519394eae71c76cce556cc) Importer(815301076,1909f56bfc062723c751e8b465ee728b)
Start importing Assets/AnimatorControllers/PlayerSpaceShipAnimatorController.controller using Guid(84dd12f41c519394eae71c76cce556cc) Importer(815301076,1909f56bfc062723c751e8b465ee728b)  -> (artifact id: 'a7ac37920560b33672044e09700ce25f') in 0.008181 seconds 
========================================================================
Received Prepare
Registering precompiled user dll's ...
Registered in 0.003723 seconds.
Begin MonoManager ReloadAssembly
Symbol file LoadedFromMemory doesn't match image C:\Users\mahrt\unity\SpaceGame\Library\PackageCache\com.unity.visualscripting@1.7.6\Editor\VisualScripting.Core\Dependencies\YamlDotNet\Unity.VisualScripting.YamlDotNet.dll
Symbol file LoadedFromMemory is not a mono symbol file
Symbol file LoadedFromMemory doesn't match image C:\Users\mahrt\unity\SpaceGame\Library\PackageCache\com.unity.visualscripting@1.7.6\Editor\VisualScripting.Core\Dependencies\DotNetZip\Unity.VisualScripting.IonicZip.dll
Native extension for WindowsStandalone target not found
Refreshing native plugins compatible for Editor in 0.43 ms, found 3 plugins.
Preloading 0 native plugins for Editor in 0.00 ms.
Mono: successfully reloaded assembly
- Completed reload, in  0.960 seconds
Domain Reload Profiling:
	ReloadAssembly (961ms)
		BeginReloadAssembly (120ms)
			ExecutionOrderSort (0ms)
			DisableScriptedObjects (4ms)
			BackupInstance (0ms)
			ReleaseScriptingObjects (0ms)
			CreateAndSetChildDomain (34ms)
		EndReloadAssembly (760ms)
			LoadAssemblies (77ms)
			RebuildTransferFunctionScriptingTraits (0ms)
			SetupTypeCache (251ms)
			ReleaseScriptCaches (1ms)
			RebuildScriptCaches (47ms)
			SetupLoadedEditorAssemblies (335ms)
				LogAssemblyErrors (0ms)
				InitializePlatformSupportModulesInManaged (11ms)
				SetLoadedEditorAssemblies (0ms)
				RefreshPlugins (0ms)
				BeforeProcessingInitializeOnLoad (69ms)
				ProcessInitializeOnLoadAttributes (229ms)
				ProcessInitializeOnLoadMethodAttributes (23ms)
				AfterProcessingInitializeOnLoad (2ms)
				EditorAssembliesLoaded (0ms)
			ExecutionOrderSort2 (0ms)
			AwakeInstancesAfterBackupRestoration (7ms)
Platform modules already initialized, skipping
Refreshing native plugins compatible for Editor in 2.16 ms, found 3 plugins.
Preloading 0 native plugins for Editor in 0.00 ms.
Unloading 3221 Unused Serialized files (Serialized files now loaded: 0)
Unloading 16 unused Assets / (78.9 KB). Loaded Objects now: 3741.
Memory consumption went from 117.1 MB to 117.0 MB.
Total: 2.843300 ms (FindLiveObjects: 0.246100 ms CreateObjectMapping: 0.155300 ms MarkObjects: 2.359000 ms  DeleteObjects: 0.081900 ms)

AssetImportParameters requested are different than current active one (requested -> active):
  custom:video-decoder-ogg-theora: a1e56fd34408186e4bbccfd4996cb3dc -> 
  custom:container-muxer-webm: aa71ff27fc2769a1b78a27578f13a17b -> 
  custom:container-demuxer-webm: 4f35f7cbe854078d1ac9338744f61a02 -> 
  custom:video-encoder-webm-vp8: eb34c28f22e8b96e1ab97ce403110664 -> 
  custom:audio-encoder-webm-vorbis: bf7c407c2cedff20999df2af8eb42d56 -> 
  custom:framework-win-MediaFoundation: 216162199b28c13a410421893ffa2e32 -> 
  custom:container-demuxer-ogg: 62fdf1f143b41e24485cea50d1cbac27 -> 
  custom:video-decoder-webm-vp8: 9c59270c3fd7afecdb556c50c9e8de78 -> 
  custom:audio-decoder-ogg-vorbis: bf7c407c2cedff20999df2af8eb42d56 -> 
========================================================================
Received Import Request.
  Time since last request: 70.821012 seconds.
  path: Assets/Meshes/Player/spaceship.fbx
  artifactKey: Guid(66199b59d61e03b4987cfa43a4ceb460) Importer(815301076,1909f56bfc062723c751e8b465ee728b)
Start importing Assets/Meshes/Player/spaceship.fbx using Guid(66199b59d61e03b4987cfa43a4ceb460) Importer(815301076,1909f56bfc062723c751e8b465ee728b)  -> (artifact id: 'b78338a331aa1c123cbd1af5aec6d030') in 0.083437 seconds 
========================================================================
Received Prepare
Registering precompiled user dll's ...
Registered in 0.003999 seconds.
Begin MonoManager ReloadAssembly
Symbol file LoadedFromMemory doesn't match image C:\Users\mahrt\unity\SpaceGame\Library\PackageCache\com.unity.visualscripting@1.7.6\Editor\VisualScripting.Core\Dependencies\YamlDotNet\Unity.VisualScripting.YamlDotNet.dll
Symbol file LoadedFromMemory is not a mono symbol file
Symbol file LoadedFromMemory doesn't match image C:\Users\mahrt\unity\SpaceGame\Library\PackageCache\com.unity.visualscripting@1.7.6\Editor\VisualScripting.Core\Dependencies\DotNetZip\Unity.VisualScripting.IonicZip.dll
Native extension for WindowsStandalone target not found
Refreshing native plugins compatible for Editor in 0.65 ms, found 3 plugins.
Preloading 0 native plugins for Editor in 0.00 ms.
Mono: successfully reloaded assembly
- Completed reload, in  0.991 seconds
Domain Reload Profiling:
	ReloadAssembly (992ms)
		BeginReloadAssembly (128ms)
			ExecutionOrderSort (0ms)
			DisableScriptedObjects (4ms)
			BackupInstance (0ms)
			ReleaseScriptingObjects (0ms)
			CreateAndSetChildDomain (40ms)
		EndReloadAssembly (766ms)
			LoadAssemblies (80ms)
			RebuildTransferFunctionScriptingTraits (0ms)
			SetupTypeCache (258ms)
			ReleaseScriptCaches (1ms)
			RebuildScriptCaches (48ms)
			SetupLoadedEditorAssemblies (328ms)
				LogAssemblyErrors (0ms)
				InitializePlatformSupportModulesInManaged (13ms)
				SetLoadedEditorAssemblies (1ms)
				RefreshPlugins (1ms)
				BeforeProcessingInitializeOnLoad (63ms)
				ProcessInitializeOnLoadAttributes (220ms)
				ProcessInitializeOnLoadMethodAttributes (26ms)
				AfterProcessingInitializeOnLoad (4ms)
				EditorAssembliesLoaded (0ms)
			ExecutionOrderSort2 (0ms)
			AwakeInstancesAfterBackupRestoration (7ms)
Platform modules already initialized, skipping
Refreshing native plugins compatible for Editor in 1.99 ms, found 3 plugins.
Preloading 0 native plugins for Editor in 0.00 ms.
Unloading 3221 Unused Serialized files (Serialized files now loaded: 0)
Unloading 16 unused Assets / (78.9 KB). Loaded Objects now: 3744.
Memory consumption went from 117.1 MB to 117.0 MB.
Total: 3.156600 ms (FindLiveObjects: 0.226200 ms CreateObjectMapping: 0.150300 ms MarkObjects: 2.705100 ms  DeleteObjects: 0.073000 ms)

AssetImportParameters requested are different than current active one (requested -> active):
  custom:video-decoder-ogg-theora: a1e56fd34408186e4bbccfd4996cb3dc -> 
  custom:container-muxer-webm: aa71ff27fc2769a1b78a27578f13a17b -> 
  custom:container-demuxer-webm: 4f35f7cbe854078d1ac9338744f61a02 -> 
  custom:video-encoder-webm-vp8: eb34c28f22e8b96e1ab97ce403110664 -> 
  custom:audio-encoder-webm-vorbis: bf7c407c2cedff20999df2af8eb42d56 -> 
  custom:framework-win-MediaFoundation: 216162199b28c13a410421893ffa2e32 -> 
  custom:container-demuxer-ogg: 62fdf1f143b41e24485cea50d1cbac27 -> 
  custom:video-decoder-webm-vp8: 9c59270c3fd7afecdb556c50c9e8de78 -> 
  custom:audio-decoder-ogg-vorbis: bf7c407c2cedff20999df2af8eb42d56 -> 
========================================================================
Received Import Request.
  Time since last request: 143.751953 seconds.
  path: Assets/Meshes/Player/spaceship.fbx
  artifactKey: Guid(66199b59d61e03b4987cfa43a4ceb460) Importer(815301076,1909f56bfc062723c751e8b465ee728b)
Start importing Assets/Meshes/Player/spaceship.fbx using Guid(66199b59d61e03b4987cfa43a4ceb460) Importer(815301076,1909f56bfc062723c751e8b465ee728b)  -> (artifact id: '832a5049f77e04598e615b3039b7c91d') in 0.097678 seconds 
========================================================================
Received Import Request.
  Time since last request: 7.517435 seconds.
  path: Assets/Meshes/Player/spaceship.fbx
  artifactKey: Guid(66199b59d61e03b4987cfa43a4ceb460) Importer(815301076,1909f56bfc062723c751e8b465ee728b)
Start importing Assets/Meshes/Player/spaceship.fbx using Guid(66199b59d61e03b4987cfa43a4ceb460) Importer(815301076,1909f56bfc062723c751e8b465ee728b)  -> (artifact id: 'b515d6e7330845fd3b0c16d8d8565bdd') in 0.021083 seconds 
========================================================================
Received Import Request.
  Time since last request: 21.961552 seconds.
  path: Assets/Meshes/Player/spaceship.fbx
  artifactKey: Guid(66199b59d61e03b4987cfa43a4ceb460) Importer(815301076,1909f56bfc062723c751e8b465ee728b)
Start importing Assets/Meshes/Player/spaceship.fbx using Guid(66199b59d61e03b4987cfa43a4ceb460) Importer(815301076,1909f56bfc062723c751e8b465ee728b)  -> (artifact id: 'e4cded590929489c959100521a4eb40a') in 0.020898 seconds 
========================================================================
Received Prepare
Registering precompiled user dll's ...
Registered in 0.003649 seconds.
Begin MonoManager ReloadAssembly
Symbol file LoadedFromMemory doesn't match image C:\Users\mahrt\unity\SpaceGame\Library\PackageCache\com.unity.visualscripting@1.7.6\Editor\VisualScripting.Core\Dependencies\YamlDotNet\Unity.VisualScripting.YamlDotNet.dll
Symbol file LoadedFromMemory is not a mono symbol file
Symbol file LoadedFromMemory doesn't match image C:\Users\mahrt\unity\SpaceGame\Library\PackageCache\com.unity.visualscripting@1.7.6\Editor\VisualScripting.Core\Dependencies\DotNetZip\Unity.VisualScripting.IonicZip.dll
Native extension for WindowsStandalone target not found
Refreshing native plugins compatible for Editor in 0.52 ms, found 3 plugins.
Preloading 0 native plugins for Editor in 0.00 ms.
Mono: successfully reloaded assembly
- Completed reload, in  0.949 seconds
Domain Reload Profiling:
	ReloadAssembly (950ms)
		BeginReloadAssembly (117ms)
			ExecutionOrderSort (0ms)
			DisableScriptedObjects (5ms)
			BackupInstance (0ms)
			ReleaseScriptingObjects (0ms)
			CreateAndSetChildDomain (31ms)
		EndReloadAssembly (749ms)
			LoadAssemblies (77ms)
			RebuildTransferFunctionScriptingTraits (0ms)
			SetupTypeCache (230ms)
			ReleaseScriptCaches (1ms)
			RebuildScriptCaches (54ms)
			SetupLoadedEditorAssemblies (334ms)
				LogAssemblyErrors (0ms)
				InitializePlatformSupportModulesInManaged (12ms)
				SetLoadedEditorAssemblies (0ms)
				RefreshPlugins (1ms)
				BeforeProcessingInitializeOnLoad (65ms)
				ProcessInitializeOnLoadAttributes (228ms)
				ProcessInitializeOnLoadMethodAttributes (25ms)
				AfterProcessingInitializeOnLoad (3ms)
				EditorAssembliesLoaded (0ms)
			ExecutionOrderSort2 (0ms)
			AwakeInstancesAfterBackupRestoration (7ms)
Platform modules already initialized, skipping
Refreshing native plugins compatible for Editor in 1.41 ms, found 3 plugins.
Preloading 0 native plugins for Editor in 0.00 ms.
Unloading 3221 Unused Serialized files (Serialized files now loaded: 0)
Unloading 16 unused Assets / (79.0 KB). Loaded Objects now: 3747.
Memory consumption went from 117.1 MB to 117.1 MB.
Total: 2.831700 ms (FindLiveObjects: 0.251500 ms CreateObjectMapping: 0.161400 ms MarkObjects: 2.349800 ms  DeleteObjects: 0.068100 ms)

AssetImportParameters requested are different than current active one (requested -> active):
  custom:video-decoder-ogg-theora: a1e56fd34408186e4bbccfd4996cb3dc -> 
  custom:container-muxer-webm: aa71ff27fc2769a1b78a27578f13a17b -> 
  custom:container-demuxer-webm: 4f35f7cbe854078d1ac9338744f61a02 -> 
  custom:video-encoder-webm-vp8: eb34c28f22e8b96e1ab97ce403110664 -> 
  custom:audio-encoder-webm-vorbis: bf7c407c2cedff20999df2af8eb42d56 -> 
  custom:framework-win-MediaFoundation: 216162199b28c13a410421893ffa2e32 -> 
  custom:container-demuxer-ogg: 62fdf1f143b41e24485cea50d1cbac27 -> 
  custom:video-decoder-webm-vp8: 9c59270c3fd7afecdb556c50c9e8de78 -> 
  custom:audio-decoder-ogg-vorbis: bf7c407c2cedff20999df2af8eb42d56 -> 
========================================================================
Received Prepare
Registering precompiled user dll's ...
Registered in 0.003665 seconds.
Begin MonoManager ReloadAssembly
Symbol file LoadedFromMemory doesn't match image C:\Users\mahrt\unity\SpaceGame\Library\PackageCache\com.unity.visualscripting@1.7.6\Editor\VisualScripting.Core\Dependencies\YamlDotNet\Unity.VisualScripting.YamlDotNet.dll
Symbol file LoadedFromMemory is not a mono symbol file
Symbol file LoadedFromMemory doesn't match image C:\Users\mahrt\unity\SpaceGame\Library\PackageCache\com.unity.visualscripting@1.7.6\Editor\VisualScripting.Core\Dependencies\DotNetZip\Unity.VisualScripting.IonicZip.dll
Native extension for WindowsStandalone target not found
Refreshing native plugins compatible for Editor in 0.43 ms, found 3 plugins.
Preloading 0 native plugins for Editor in 0.00 ms.
Mono: successfully reloaded assembly
- Completed reload, in  0.957 seconds
Domain Reload Profiling:
	ReloadAssembly (957ms)
		BeginReloadAssembly (118ms)
			ExecutionOrderSort (0ms)
			DisableScriptedObjects (5ms)
			BackupInstance (0ms)
			ReleaseScriptingObjects (0ms)
			CreateAndSetChildDomain (29ms)
		EndReloadAssembly (753ms)
			LoadAssemblies (82ms)
			RebuildTransferFunctionScriptingTraits (0ms)
			SetupTypeCache (232ms)
			ReleaseScriptCaches (1ms)
			RebuildScriptCaches (48ms)
			SetupLoadedEditorAssemblies (341ms)
				LogAssemblyErrors (0ms)
				InitializePlatformSupportModulesInManaged (12ms)
				SetLoadedEditorAssemblies (0ms)
				RefreshPlugins (0ms)
				BeforeProcessingInitializeOnLoad (67ms)
				ProcessInitializeOnLoadAttributes (230ms)
				ProcessInitializeOnLoadMethodAttributes (28ms)
				AfterProcessingInitializeOnLoad (4ms)
				EditorAssembliesLoaded (0ms)
			ExecutionOrderSort2 (0ms)
			AwakeInstancesAfterBackupRestoration (7ms)
Platform modules already initialized, skipping
Refreshing native plugins compatible for Editor in 1.80 ms, found 3 plugins.
Preloading 0 native plugins for Editor in 0.00 ms.
Unloading 3221 Unused Serialized files (Serialized files now loaded: 0)
Unloading 16 unused Assets / (79.1 KB). Loaded Objects now: 3750.
Memory consumption went from 117.1 MB to 117.1 MB.
Total: 2.410100 ms (FindLiveObjects: 0.232000 ms CreateObjectMapping: 0.141400 ms MarkObjects: 1.934500 ms  DeleteObjects: 0.101300 ms)

AssetImportParameters requested are different than current active one (requested -> active):
  custom:video-decoder-ogg-theora: a1e56fd34408186e4bbccfd4996cb3dc -> 
  custom:container-muxer-webm: aa71ff27fc2769a1b78a27578f13a17b -> 
  custom:container-demuxer-webm: 4f35f7cbe854078d1ac9338744f61a02 -> 
  custom:video-encoder-webm-vp8: eb34c28f22e8b96e1ab97ce403110664 -> 
  custom:audio-encoder-webm-vorbis: bf7c407c2cedff20999df2af8eb42d56 -> 
  custom:framework-win-MediaFoundation: 216162199b28c13a410421893ffa2e32 -> 
  custom:container-demuxer-ogg: 62fdf1f143b41e24485cea50d1cbac27 -> 
  custom:video-decoder-webm-vp8: 9c59270c3fd7afecdb556c50c9e8de78 -> 
  custom:audio-decoder-ogg-vorbis: bf7c407c2cedff20999df2af8eb42d56 -> 
========================================================================
Received Import Request.
  Time since last request: 108.300169 seconds.
  path: Assets/Meshes/Player/spaceship.fbx
  artifactKey: Guid(66199b59d61e03b4987cfa43a4ceb460) Importer(815301076,1909f56bfc062723c751e8b465ee728b)
Start importing Assets/Meshes/Player/spaceship.fbx using Guid(66199b59d61e03b4987cfa43a4ceb460) Importer(815301076,1909f56bfc062723c751e8b465ee728b)  -> (artifact id: 'a111593ec012f8895333a57358773a8c') in 0.083543 seconds 
========================================================================
Received Prepare
Registering precompiled user dll's ...
Registered in 0.003759 seconds.
Begin MonoManager ReloadAssembly
Symbol file LoadedFromMemory doesn't match image C:\Users\mahrt\unity\SpaceGame\Library\PackageCache\com.unity.visualscripting@1.7.6\Editor\VisualScripting.Core\Dependencies\YamlDotNet\Unity.VisualScripting.YamlDotNet.dll
Symbol file LoadedFromMemory is not a mono symbol file
Symbol file LoadedFromMemory doesn't match image C:\Users\mahrt\unity\SpaceGame\Library\PackageCache\com.unity.visualscripting@1.7.6\Editor\VisualScripting.Core\Dependencies\DotNetZip\Unity.VisualScripting.IonicZip.dll
Native extension for WindowsStandalone target not found
Refreshing native plugins compatible for Editor in 0.67 ms, found 3 plugins.
Preloading 0 native plugins for Editor in 0.00 ms.
Mono: successfully reloaded assembly
- Completed reload, in  0.927 seconds
Domain Reload Profiling:
	ReloadAssembly (928ms)
		BeginReloadAssembly (118ms)
			ExecutionOrderSort (0ms)
			DisableScriptedObjects (7ms)
			BackupInstance (0ms)
			ReleaseScriptingObjects (0ms)
			CreateAndSetChildDomain (35ms)
		EndReloadAssembly (731ms)
			LoadAssemblies (75ms)
			RebuildTransferFunctionScriptingTraits (0ms)
			SetupTypeCache (224ms)
			ReleaseScriptCaches (1ms)
			RebuildScriptCaches (50ms)
			SetupLoadedEditorAssemblies (328ms)
				LogAssemblyErrors (0ms)
				InitializePlatformSupportModulesInManaged (11ms)
				SetLoadedEditorAssemblies (0ms)
				RefreshPlugins (1ms)
				BeforeProcessingInitializeOnLoad (61ms)
				ProcessInitializeOnLoadAttributes (226ms)
				ProcessInitializeOnLoadMethodAttributes (26ms)
				AfterProcessingInitializeOnLoad (2ms)
				EditorAssembliesLoaded (0ms)
			ExecutionOrderSort2 (0ms)
			AwakeInstancesAfterBackupRestoration (7ms)
Platform modules already initialized, skipping
Refreshing native plugins compatible for Editor in 1.38 ms, found 3 plugins.
Preloading 0 native plugins for Editor in 0.00 ms.
Unloading 3221 Unused Serialized files (Serialized files now loaded: 0)
Unloading 16 unused Assets / (79.0 KB). Loaded Objects now: 3753.
Memory consumption went from 117.1 MB to 117.1 MB.
Total: 3.430500 ms (FindLiveObjects: 0.244400 ms CreateObjectMapping: 0.232300 ms MarkObjects: 2.860500 ms  DeleteObjects: 0.092200 ms)

AssetImportParameters requested are different than current active one (requested -> active):
  custom:video-decoder-ogg-theora: a1e56fd34408186e4bbccfd4996cb3dc -> 
  custom:container-muxer-webm: aa71ff27fc2769a1b78a27578f13a17b -> 
  custom:container-demuxer-webm: 4f35f7cbe854078d1ac9338744f61a02 -> 
  custom:video-encoder-webm-vp8: eb34c28f22e8b96e1ab97ce403110664 -> 
  custom:audio-encoder-webm-vorbis: bf7c407c2cedff20999df2af8eb42d56 -> 
  custom:framework-win-MediaFoundation: 216162199b28c13a410421893ffa2e32 -> 
  custom:container-demuxer-ogg: 62fdf1f143b41e24485cea50d1cbac27 -> 
  custom:video-decoder-webm-vp8: 9c59270c3fd7afecdb556c50c9e8de78 -> 
  custom:audio-decoder-ogg-vorbis: bf7c407c2cedff20999df2af8eb42d56 -> 
========================================================================
Received Import Request.
  Time since last request: 65.744732 seconds.
  path: Assets/Meshes/Player/spaceship.fbx
  artifactKey: Guid(66199b59d61e03b4987cfa43a4ceb460) Importer(815301076,1909f56bfc062723c751e8b465ee728b)
Start importing Assets/Meshes/Player/spaceship.fbx using Guid(66199b59d61e03b4987cfa43a4ceb460) Importer(815301076,1909f56bfc062723c751e8b465ee728b)  -> (artifact id: 'b95b677f9a5ca33bed54706c20c613d3') in 0.078167 seconds 
========================================================================
Received Prepare
Registering precompiled user dll's ...
Registered in 0.003754 seconds.
Begin MonoManager ReloadAssembly
Symbol file LoadedFromMemory doesn't match image C:\Users\mahrt\unity\SpaceGame\Library\PackageCache\com.unity.visualscripting@1.7.6\Editor\VisualScripting.Core\Dependencies\YamlDotNet\Unity.VisualScripting.YamlDotNet.dll
Symbol file LoadedFromMemory is not a mono symbol file
Symbol file LoadedFromMemory doesn't match image C:\Users\mahrt\unity\SpaceGame\Library\PackageCache\com.unity.visualscripting@1.7.6\Editor\VisualScripting.Core\Dependencies\DotNetZip\Unity.VisualScripting.IonicZip.dll
Native extension for WindowsStandalone target not found
Refreshing native plugins compatible for Editor in 0.64 ms, found 3 plugins.
Preloading 0 native plugins for Editor in 0.00 ms.
Mono: successfully reloaded assembly
- Completed reload, in  0.953 seconds
Domain Reload Profiling:
	ReloadAssembly (954ms)
		BeginReloadAssembly (119ms)
			ExecutionOrderSort (0ms)
			DisableScriptedObjects (6ms)
			BackupInstance (0ms)
			ReleaseScriptingObjects (0ms)
			CreateAndSetChildDomain (29ms)
		EndReloadAssembly (756ms)
			LoadAssemblies (81ms)
			RebuildTransferFunctionScriptingTraits (0ms)
			SetupTypeCache (236ms)
			ReleaseScriptCaches (1ms)
			RebuildScriptCaches (50ms)
			SetupLoadedEditorAssemblies (342ms)
				LogAssemblyErrors (0ms)
				InitializePlatformSupportModulesInManaged (12ms)
				SetLoadedEditorAssemblies (1ms)
				RefreshPlugins (1ms)
				BeforeProcessingInitializeOnLoad (69ms)
				ProcessInitializeOnLoadAttributes (230ms)
				ProcessInitializeOnLoadMethodAttributes (26ms)
				AfterProcessingInitializeOnLoad (3ms)
				EditorAssembliesLoaded (0ms)
			ExecutionOrderSort2 (0ms)
			AwakeInstancesAfterBackupRestoration (7ms)
Platform modules already initialized, skipping
Refreshing native plugins compatible for Editor in 1.53 ms, found 3 plugins.
Preloading 0 native plugins for Editor in 0.00 ms.
Unloading 3221 Unused Serialized files (Serialized files now loaded: 0)
Unloading 16 unused Assets / (79.0 KB). Loaded Objects now: 3756.
Memory consumption went from 117.2 MB to 117.1 MB.
Total: 2.654200 ms (FindLiveObjects: 0.278100 ms CreateObjectMapping: 0.247200 ms MarkObjects: 2.059800 ms  DeleteObjects: 0.068100 ms)

AssetImportParameters requested are different than current active one (requested -> active):
  custom:video-decoder-ogg-theora: a1e56fd34408186e4bbccfd4996cb3dc -> 
  custom:container-muxer-webm: aa71ff27fc2769a1b78a27578f13a17b -> 
  custom:container-demuxer-webm: 4f35f7cbe854078d1ac9338744f61a02 -> 
  custom:video-encoder-webm-vp8: eb34c28f22e8b96e1ab97ce403110664 -> 
  custom:audio-encoder-webm-vorbis: bf7c407c2cedff20999df2af8eb42d56 -> 
  custom:framework-win-MediaFoundation: 216162199b28c13a410421893ffa2e32 -> 
  custom:container-demuxer-ogg: 62fdf1f143b41e24485cea50d1cbac27 -> 
  custom:video-decoder-webm-vp8: 9c59270c3fd7afecdb556c50c9e8de78 -> 
  custom:audio-decoder-ogg-vorbis: bf7c407c2cedff20999df2af8eb42d56 -> 
========================================================================
Received Prepare
Registering precompiled user dll's ...
Registered in 0.003616 seconds.
Begin MonoManager ReloadAssembly
Symbol file LoadedFromMemory doesn't match image C:\Users\mahrt\unity\SpaceGame\Library\PackageCache\com.unity.visualscripting@1.7.6\Editor\VisualScripting.Core\Dependencies\YamlDotNet\Unity.VisualScripting.YamlDotNet.dll
Symbol file LoadedFromMemory is not a mono symbol file
Symbol file LoadedFromMemory doesn't match image C:\Users\mahrt\unity\SpaceGame\Library\PackageCache\com.unity.visualscripting@1.7.6\Editor\VisualScripting.Core\Dependencies\DotNetZip\Unity.VisualScripting.IonicZip.dll
Native extension for WindowsStandalone target not found
Refreshing native plugins compatible for Editor in 0.49 ms, found 3 plugins.
Preloading 0 native plugins for Editor in 0.00 ms.
Mono: successfully reloaded assembly
- Completed reload, in  1.014 seconds
Domain Reload Profiling:
	ReloadAssembly (1014ms)
		BeginReloadAssembly (124ms)
			ExecutionOrderSort (0ms)
			DisableScriptedObjects (5ms)
			BackupInstance (0ms)
			ReleaseScriptingObjects (0ms)
			CreateAndSetChildDomain (32ms)
		EndReloadAssembly (807ms)
			LoadAssemblies (81ms)
			RebuildTransferFunctionScriptingTraits (0ms)
			SetupTypeCache (248ms)
			ReleaseScriptCaches (1ms)
			RebuildScriptCaches (48ms)
			SetupLoadedEditorAssemblies (372ms)
				LogAssemblyErrors (0ms)
				InitializePlatformSupportModulesInManaged (12ms)
				SetLoadedEditorAssemblies (0ms)
				RefreshPlugins (1ms)
				BeforeProcessingInitializeOnLoad (67ms)
				ProcessInitializeOnLoadAttributes (243ms)
				ProcessInitializeOnLoadMethodAttributes (44ms)
				AfterProcessingInitializeOnLoad (5ms)
				EditorAssembliesLoaded (0ms)
			ExecutionOrderSort2 (0ms)
			AwakeInstancesAfterBackupRestoration (10ms)
Platform modules already initialized, skipping
Refreshing native plugins compatible for Editor in 1.48 ms, found 3 plugins.
Preloading 0 native plugins for Editor in 0.00 ms.
Unloading 3221 Unused Serialized files (Serialized files now loaded: 0)
Unloading 16 unused Assets / (79.0 KB). Loaded Objects now: 3759.
Memory consumption went from 117.2 MB to 117.1 MB.
Total: 2.421500 ms (FindLiveObjects: 0.236600 ms CreateObjectMapping: 0.162600 ms MarkObjects: 1.917600 ms  DeleteObjects: 0.103700 ms)

AssetImportParameters requested are different than current active one (requested -> active):
  custom:video-decoder-ogg-theora: a1e56fd34408186e4bbccfd4996cb3dc -> 
  custom:container-muxer-webm: aa71ff27fc2769a1b78a27578f13a17b -> 
  custom:container-demuxer-webm: 4f35f7cbe854078d1ac9338744f61a02 -> 
  custom:video-encoder-webm-vp8: eb34c28f22e8b96e1ab97ce403110664 -> 
  custom:audio-encoder-webm-vorbis: bf7c407c2cedff20999df2af8eb42d56 -> 
  custom:framework-win-MediaFoundation: 216162199b28c13a410421893ffa2e32 -> 
  custom:container-demuxer-ogg: 62fdf1f143b41e24485cea50d1cbac27 -> 
  custom:video-decoder-webm-vp8: 9c59270c3fd7afecdb556c50c9e8de78 -> 
  custom:audio-decoder-ogg-vorbis: bf7c407c2cedff20999df2af8eb42d56 -> 
========================================================================
Received Import Request.
  Time since last request: 119.090635 seconds.
  path: Assets/Meshes/Player/spaceship.fbx
  artifactKey: Guid(66199b59d61e03b4987cfa43a4ceb460) Importer(815301076,1909f56bfc062723c751e8b465ee728b)
Start importing Assets/Meshes/Player/spaceship.fbx using Guid(66199b59d61e03b4987cfa43a4ceb460) Importer(815301076,1909f56bfc062723c751e8b465ee728b)  -> (artifact id: 'f098bb205c4abca0f1c71bb98bc0734f') in 0.082960 seconds 
========================================================================
Received Prepare
Registering precompiled user dll's ...
Registered in 0.005303 seconds.
Begin MonoManager ReloadAssembly
Symbol file LoadedFromMemory doesn't match image C:\Users\mahrt\unity\SpaceGame\Library\PackageCache\com.unity.visualscripting@1.7.6\Editor\VisualScripting.Core\Dependencies\YamlDotNet\Unity.VisualScripting.YamlDotNet.dll
Symbol file LoadedFromMemory is not a mono symbol file
Symbol file LoadedFromMemory doesn't match image C:\Users\mahrt\unity\SpaceGame\Library\PackageCache\com.unity.visualscripting@1.7.6\Editor\VisualScripting.Core\Dependencies\DotNetZip\Unity.VisualScripting.IonicZip.dll
Native extension for WindowsStandalone target not found
Refreshing native plugins compatible for Editor in 0.78 ms, found 3 plugins.
Preloading 0 native plugins for Editor in 0.00 ms.
Mono: successfully reloaded assembly
- Completed reload, in  0.944 seconds
Domain Reload Profiling:
	ReloadAssembly (944ms)
		BeginReloadAssembly (114ms)
			ExecutionOrderSort (0ms)
			DisableScriptedObjects (4ms)
			BackupInstance (0ms)
			ReleaseScriptingObjects (0ms)
			CreateAndSetChildDomain (30ms)
		EndReloadAssembly (743ms)
			LoadAssemblies (75ms)
			RebuildTransferFunctionScriptingTraits (0ms)
			SetupTypeCache (254ms)
			ReleaseScriptCaches (1ms)
			RebuildScriptCaches (53ms)
			SetupLoadedEditorAssemblies (309ms)
				LogAssemblyErrors (0ms)
				InitializePlatformSupportModulesInManaged (12ms)
				SetLoadedEditorAssemblies (1ms)
				RefreshPlugins (1ms)
				BeforeProcessingInitializeOnLoad (63ms)
				ProcessInitializeOnLoadAttributes (200ms)
				ProcessInitializeOnLoadMethodAttributes (29ms)
				AfterProcessingInitializeOnLoad (3ms)
				EditorAssembliesLoaded (0ms)
			ExecutionOrderSort2 (0ms)
			AwakeInstancesAfterBackupRestoration (7ms)
Platform modules already initialized, skipping
Refreshing native plugins compatible for Editor in 1.94 ms, found 3 plugins.
Preloading 0 native plugins for Editor in 0.00 ms.
Unloading 3221 Unused Serialized files (Serialized files now loaded: 0)
Unloading 16 unused Assets / (79.0 KB). Loaded Objects now: 3762.
Memory consumption went from 117.2 MB to 117.2 MB.
Total: 2.377200 ms (FindLiveObjects: 0.220500 ms CreateObjectMapping: 0.142100 ms MarkObjects: 1.956700 ms  DeleteObjects: 0.057100 ms)

AssetImportParameters requested are different than current active one (requested -> active):
  custom:video-decoder-ogg-theora: a1e56fd34408186e4bbccfd4996cb3dc -> 
  custom:container-muxer-webm: aa71ff27fc2769a1b78a27578f13a17b -> 
  custom:container-demuxer-webm: 4f35f7cbe854078d1ac9338744f61a02 -> 
  custom:video-encoder-webm-vp8: eb34c28f22e8b96e1ab97ce403110664 -> 
  custom:audio-encoder-webm-vorbis: bf7c407c2cedff20999df2af8eb42d56 -> 
  custom:framework-win-MediaFoundation: 216162199b28c13a410421893ffa2e32 -> 
  custom:container-demuxer-ogg: 62fdf1f143b41e24485cea50d1cbac27 -> 
  custom:video-decoder-webm-vp8: 9c59270c3fd7afecdb556c50c9e8de78 -> 
  custom:audio-decoder-ogg-vorbis: bf7c407c2cedff20999df2af8eb42d56 -> 
========================================================================
Received Import Request.
  Time since last request: 34.250553 seconds.
  path: Assets/Meshes/Player/spaceship.fbx
  artifactKey: Guid(66199b59d61e03b4987cfa43a4ceb460) Importer(815301076,1909f56bfc062723c751e8b465ee728b)
Start importing Assets/Meshes/Player/spaceship.fbx using Guid(66199b59d61e03b4987cfa43a4ceb460) Importer(815301076,1909f56bfc062723c751e8b465ee728b)  -> (artifact id: '3e5e63fe208a1f229cc1c535ededad40') in 0.085731 seconds 
========================================================================
Received Prepare
Registering precompiled user dll's ...
Registered in 0.003747 seconds.
Begin MonoManager ReloadAssembly
Symbol file LoadedFromMemory doesn't match image C:\Users\mahrt\unity\SpaceGame\Library\PackageCache\com.unity.visualscripting@1.7.6\Editor\VisualScripting.Core\Dependencies\YamlDotNet\Unity.VisualScripting.YamlDotNet.dll
Symbol file LoadedFromMemory is not a mono symbol file
Symbol file LoadedFromMemory doesn't match image C:\Users\mahrt\unity\SpaceGame\Library\PackageCache\com.unity.visualscripting@1.7.6\Editor\VisualScripting.Core\Dependencies\DotNetZip\Unity.VisualScripting.IonicZip.dll
Native extension for WindowsStandalone target not found
Refreshing native plugins compatible for Editor in 0.84 ms, found 3 plugins.
Preloading 0 native plugins for Editor in 0.00 ms.
Mono: successfully reloaded assembly
- Completed reload, in  0.939 seconds
Domain Reload Profiling:
	ReloadAssembly (940ms)
		BeginReloadAssembly (120ms)
			ExecutionOrderSort (0ms)
			DisableScriptedObjects (6ms)
			BackupInstance (0ms)
			ReleaseScriptingObjects (0ms)
			CreateAndSetChildDomain (29ms)
		EndReloadAssembly (736ms)
			LoadAssemblies (81ms)
			RebuildTransferFunctionScriptingTraits (0ms)
			SetupTypeCache (231ms)
			ReleaseScriptCaches (1ms)
			RebuildScriptCaches (43ms)
			SetupLoadedEditorAssemblies (332ms)
				LogAssemblyErrors (0ms)
				InitializePlatformSupportModulesInManaged (12ms)
				SetLoadedEditorAssemblies (1ms)
				RefreshPlugins (1ms)
				BeforeProcessingInitializeOnLoad (68ms)
				ProcessInitializeOnLoadAttributes (222ms)
				ProcessInitializeOnLoadMethodAttributes (25ms)
				AfterProcessingInitializeOnLoad (3ms)
				EditorAssembliesLoaded (0ms)
			ExecutionOrderSort2 (0ms)
			AwakeInstancesAfterBackupRestoration (8ms)
Platform modules already initialized, skipping
Refreshing native plugins compatible for Editor in 1.94 ms, found 3 plugins.
Preloading 0 native plugins for Editor in 0.00 ms.
Unloading 3221 Unused Serialized files (Serialized files now loaded: 0)
Unloading 16 unused Assets / (79.0 KB). Loaded Objects now: 3765.
Memory consumption went from 117.2 MB to 117.2 MB.
Total: 3.138900 ms (FindLiveObjects: 0.237400 ms CreateObjectMapping: 0.160300 ms MarkObjects: 2.627300 ms  DeleteObjects: 0.112900 ms)

AssetImportParameters requested are different than current active one (requested -> active):
  custom:video-decoder-ogg-theora: a1e56fd34408186e4bbccfd4996cb3dc -> 
  custom:container-muxer-webm: aa71ff27fc2769a1b78a27578f13a17b -> 
  custom:container-demuxer-webm: 4f35f7cbe854078d1ac9338744f61a02 -> 
  custom:video-encoder-webm-vp8: eb34c28f22e8b96e1ab97ce403110664 -> 
  custom:audio-encoder-webm-vorbis: bf7c407c2cedff20999df2af8eb42d56 -> 
  custom:framework-win-MediaFoundation: 216162199b28c13a410421893ffa2e32 -> 
  custom:container-demuxer-ogg: 62fdf1f143b41e24485cea50d1cbac27 -> 
  custom:video-decoder-webm-vp8: 9c59270c3fd7afecdb556c50c9e8de78 -> 
  custom:audio-decoder-ogg-vorbis: bf7c407c2cedff20999df2af8eb42d56 -> 
========================================================================
Received Import Request.
  Time since last request: 51.418021 seconds.
  path: Assets/Meshes/Player/spaceship.fbx
  artifactKey: Guid(66199b59d61e03b4987cfa43a4ceb460) Importer(815301076,1909f56bfc062723c751e8b465ee728b)
Start importing Assets/Meshes/Player/spaceship.fbx using Guid(66199b59d61e03b4987cfa43a4ceb460) Importer(815301076,1909f56bfc062723c751e8b465ee728b)  -> (artifact id: '81639e84ca1749f98d242fbdd94ab091') in 0.079549 seconds 
========================================================================
Received Import Request.
  Time since last request: 109.132268 seconds.
  path: Assets/Meshes/Player/spaceship.fbx
  artifactKey: Guid(66199b59d61e03b4987cfa43a4ceb460) Importer(815301076,1909f56bfc062723c751e8b465ee728b)
Start importing Assets/Meshes/Player/spaceship.fbx using Guid(66199b59d61e03b4987cfa43a4ceb460) Importer(815301076,1909f56bfc062723c751e8b465ee728b)  -> (artifact id: 'd48f7c36ae4f75930163a3292f895283') in 0.019184 seconds 
========================================================================
Received Import Request.
  Time since last request: 7.365442 seconds.
  path: Assets/Meshes/Player/spaceship.fbx
  artifactKey: Guid(66199b59d61e03b4987cfa43a4ceb460) Importer(815301076,1909f56bfc062723c751e8b465ee728b)
Start importing Assets/Meshes/Player/spaceship.fbx using Guid(66199b59d61e03b4987cfa43a4ceb460) Importer(815301076,1909f56bfc062723c751e8b465ee728b)  -> (artifact id: '0652b263ad63f91762afc33b8be06f4c') in 0.020422 seconds 
========================================================================
Received Import Request.
  Time since last request: 8.008366 seconds.
  path: Assets/Meshes/Player/spaceship.fbx
  artifactKey: Guid(66199b59d61e03b4987cfa43a4ceb460) Importer(815301076,1909f56bfc062723c751e8b465ee728b)
Start importing Assets/Meshes/Player/spaceship.fbx using Guid(66199b59d61e03b4987cfa43a4ceb460) Importer(815301076,1909f56bfc062723c751e8b465ee728b)  -> (artifact id: 'ffca24e4529a04dee7eea90c7e7b51c6') in 0.022965 seconds 
========================================================================
Received Import Request.
  Time since last request: 132.435639 seconds.
  path: Assets/Meshes/Player/spaceship.fbx
  artifactKey: Guid(66199b59d61e03b4987cfa43a4ceb460) Importer(815301076,1909f56bfc062723c751e8b465ee728b)
Start importing Assets/Meshes/Player/spaceship.fbx using Guid(66199b59d61e03b4987cfa43a4ceb460) Importer(815301076,1909f56bfc062723c751e8b465ee728b)  -> (artifact id: 'd8bb03cdccf09e47c671461849c44cd7') in 0.021191 seconds 
========================================================================
Received Import Request.
  Time since last request: 45.359435 seconds.
  path: Assets/Meshes/Player/spaceship.fbx
  artifactKey: Guid(66199b59d61e03b4987cfa43a4ceb460) Importer(815301076,1909f56bfc062723c751e8b465ee728b)
Start importing Assets/Meshes/Player/spaceship.fbx using Guid(66199b59d61e03b4987cfa43a4ceb460) Importer(815301076,1909f56bfc062723c751e8b465ee728b)  -> (artifact id: '0e230d37d3f99e42620ab5ca6c5e1fa3') in 0.006038 seconds 
========================================================================
Received Import Request.
  Time since last request: 10.034331 seconds.
  path: Assets/Meshes/Player/spaceship.fbx
  artifactKey: Guid(66199b59d61e03b4987cfa43a4ceb460) Importer(815301076,1909f56bfc062723c751e8b465ee728b)
Start importing Assets/Meshes/Player/spaceship.fbx using Guid(66199b59d61e03b4987cfa43a4ceb460) Importer(815301076,1909f56bfc062723c751e8b465ee728b)  -> (artifact id: '71733d8969f872a9236d360919ff9339') in 0.011137 seconds 
========================================================================
Received Import Request.
  Time since last request: 14.157518 seconds.
  path: Assets/Meshes/Player/spaceship.fbx
  artifactKey: Guid(66199b59d61e03b4987cfa43a4ceb460) Importer(815301076,1909f56bfc062723c751e8b465ee728b)
Start importing Assets/Meshes/Player/spaceship.fbx using Guid(66199b59d61e03b4987cfa43a4ceb460) Importer(815301076,1909f56bfc062723c751e8b465ee728b)  -> (artifact id: 'ec65c48164b2ba04f1df31f9f494aefe') in 0.023943 seconds 
========================================================================
Received Import Request.
  Time since last request: 10.396896 seconds.
  path: Assets/Meshes/Player/spaceship.fbx
  artifactKey: Guid(66199b59d61e03b4987cfa43a4ceb460) Importer(815301076,1909f56bfc062723c751e8b465ee728b)
Start importing Assets/Meshes/Player/spaceship.fbx using Guid(66199b59d61e03b4987cfa43a4ceb460) Importer(815301076,1909f56bfc062723c751e8b465ee728b)  -> (artifact id: '81894ac19207564c1baf2d0c4878c969') in 0.018956 seconds 
========================================================================
Received Import Request.
  Time since last request: 1.308768 seconds.
  path: Assets/Meshes/Player/spaceship.fbx
  artifactKey: Guid(66199b59d61e03b4987cfa43a4ceb460) Importer(815301076,1909f56bfc062723c751e8b465ee728b)
Start importing Assets/Meshes/Player/spaceship.fbx using Guid(66199b59d61e03b4987cfa43a4ceb460) Importer(815301076,1909f56bfc062723c751e8b465ee728b)  -> (artifact id: '7c32fe13d41d03b8a6dde5d23467a294') in 0.018551 seconds 
========================================================================
Received Prepare
Registering precompiled user dll's ...
Registered in 0.003634 seconds.
Begin MonoManager ReloadAssembly
Symbol file LoadedFromMemory doesn't match image C:\Users\mahrt\unity\SpaceGame\Library\PackageCache\com.unity.visualscripting@1.7.6\Editor\VisualScripting.Core\Dependencies\YamlDotNet\Unity.VisualScripting.YamlDotNet.dll
Symbol file LoadedFromMemory is not a mono symbol file
Symbol file LoadedFromMemory doesn't match image C:\Users\mahrt\unity\SpaceGame\Library\PackageCache\com.unity.visualscripting@1.7.6\Editor\VisualScripting.Core\Dependencies\DotNetZip\Unity.VisualScripting.IonicZip.dll
Native extension for WindowsStandalone target not found
Refreshing native plugins compatible for Editor in 0.59 ms, found 3 plugins.
Preloading 0 native plugins for Editor in 0.00 ms.
Mono: successfully reloaded assembly
- Completed reload, in  0.951 seconds
Domain Reload Profiling:
	ReloadAssembly (952ms)
		BeginReloadAssembly (115ms)
			ExecutionOrderSort (0ms)
			DisableScriptedObjects (4ms)
			BackupInstance (0ms)
			ReleaseScriptingObjects (0ms)
			CreateAndSetChildDomain (31ms)
		EndReloadAssembly (756ms)
			LoadAssemblies (77ms)
			RebuildTransferFunctionScriptingTraits (0ms)
			SetupTypeCache (237ms)
			ReleaseScriptCaches (1ms)
			RebuildScriptCaches (49ms)
			SetupLoadedEditorAssemblies (343ms)
				LogAssemblyErrors (0ms)
				InitializePlatformSupportModulesInManaged (12ms)
				SetLoadedEditorAssemblies (1ms)
				RefreshPlugins (1ms)
				BeforeProcessingInitializeOnLoad (67ms)
				ProcessInitializeOnLoadAttributes (230ms)
				ProcessInitializeOnLoadMethodAttributes (28ms)
				AfterProcessingInitializeOnLoad (4ms)
				EditorAssembliesLoaded (0ms)
			ExecutionOrderSort2 (0ms)
			AwakeInstancesAfterBackupRestoration (7ms)
Platform modules already initialized, skipping
Refreshing native plugins compatible for Editor in 1.62 ms, found 3 plugins.
Preloading 0 native plugins for Editor in 0.00 ms.
Unloading 3221 Unused Serialized files (Serialized files now loaded: 0)
Unloading 16 unused Assets / (79.0 KB). Loaded Objects now: 3768.
Memory consumption went from 117.3 MB to 117.2 MB.
Total: 2.742600 ms (FindLiveObjects: 0.250000 ms CreateObjectMapping: 0.153500 ms MarkObjects: 2.256500 ms  DeleteObjects: 0.081700 ms)

AssetImportParameters requested are different than current active one (requested -> active):
  custom:video-decoder-ogg-theora: a1e56fd34408186e4bbccfd4996cb3dc -> 
  custom:container-muxer-webm: aa71ff27fc2769a1b78a27578f13a17b -> 
  custom:container-demuxer-webm: 4f35f7cbe854078d1ac9338744f61a02 -> 
  custom:video-encoder-webm-vp8: eb34c28f22e8b96e1ab97ce403110664 -> 
  custom:audio-encoder-webm-vorbis: bf7c407c2cedff20999df2af8eb42d56 -> 
  custom:framework-win-MediaFoundation: 216162199b28c13a410421893ffa2e32 -> 
  custom:container-demuxer-ogg: 62fdf1f143b41e24485cea50d1cbac27 -> 
  custom:video-decoder-webm-vp8: 9c59270c3fd7afecdb556c50c9e8de78 -> 
  custom:audio-decoder-ogg-vorbis: bf7c407c2cedff20999df2af8eb42d56 -> 
========================================================================
Received Import Request.
  Time since last request: 44.896077 seconds.
  path: Assets/AnimatorControllers/PlayerSpaceShipAnimatorController.controller
  artifactKey: Guid(84dd12f41c519394eae71c76cce556cc) Importer(815301076,1909f56bfc062723c751e8b465ee728b)
Start importing Assets/AnimatorControllers/PlayerSpaceShipAnimatorController.controller using Guid(84dd12f41c519394eae71c76cce556cc) Importer(815301076,1909f56bfc062723c751e8b465ee728b)  -> (artifact id: '10d2d547d795bdacf586b7163d897159') in 0.018986 seconds 
========================================================================
Received Import Request.
  Time since last request: 10.835569 seconds.
  path: Assets/Meshes/Player/spaceship.fbx
  artifactKey: Guid(66199b59d61e03b4987cfa43a4ceb460) Importer(815301076,1909f56bfc062723c751e8b465ee728b)
Start importing Assets/Meshes/Player/spaceship.fbx using Guid(66199b59d61e03b4987cfa43a4ceb460) Importer(815301076,1909f56bfc062723c751e8b465ee728b)  -> (artifact id: '6f210687f9b76930abe40abf2b530d1f') in 0.068808 seconds 
========================================================================
Received Prepare
Registering precompiled user dll's ...
Registered in 0.004571 seconds.
Begin MonoManager ReloadAssembly
Symbol file LoadedFromMemory doesn't match image C:\Users\mahrt\unity\SpaceGame\Library\PackageCache\com.unity.visualscripting@1.7.6\Editor\VisualScripting.Core\Dependencies\YamlDotNet\Unity.VisualScripting.YamlDotNet.dll
Symbol file LoadedFromMemory is not a mono symbol file
Symbol file LoadedFromMemory doesn't match image C:\Users\mahrt\unity\SpaceGame\Library\PackageCache\com.unity.visualscripting@1.7.6\Editor\VisualScripting.Core\Dependencies\DotNetZip\Unity.VisualScripting.IonicZip.dll
Native extension for WindowsStandalone target not found
Refreshing native plugins compatible for Editor in 0.42 ms, found 3 plugins.
Preloading 0 native plugins for Editor in 0.00 ms.
Mono: successfully reloaded assembly
- Completed reload, in  0.955 seconds
Domain Reload Profiling:
	ReloadAssembly (955ms)
		BeginReloadAssembly (119ms)
			ExecutionOrderSort (0ms)
			DisableScriptedObjects (4ms)
			BackupInstance (0ms)
			ReleaseScriptingObjects (0ms)
			CreateAndSetChildDomain (30ms)
		EndReloadAssembly (757ms)
			LoadAssemblies (83ms)
			RebuildTransferFunctionScriptingTraits (0ms)
			SetupTypeCache (247ms)
			ReleaseScriptCaches (2ms)
			RebuildScriptCaches (54ms)
			SetupLoadedEditorAssemblies (325ms)
				LogAssemblyErrors (0ms)
				InitializePlatformSupportModulesInManaged (14ms)
				SetLoadedEditorAssemblies (0ms)
				RefreshPlugins (0ms)
				BeforeProcessingInitializeOnLoad (64ms)
				ProcessInitializeOnLoadAttributes (220ms)
				ProcessInitializeOnLoadMethodAttributes (23ms)
				AfterProcessingInitializeOnLoad (3ms)
				EditorAssembliesLoaded (0ms)
			ExecutionOrderSort2 (0ms)
			AwakeInstancesAfterBackupRestoration (6ms)
Platform modules already initialized, skipping
Refreshing native plugins compatible for Editor in 1.70 ms, found 3 plugins.
Preloading 0 native plugins for Editor in 0.00 ms.
Unloading 3221 Unused Serialized files (Serialized files now loaded: 0)
Unloading 16 unused Assets / (79.0 KB). Loaded Objects now: 3771.
Memory consumption went from 117.3 MB to 117.2 MB.
Total: 2.531600 ms (FindLiveObjects: 0.253500 ms CreateObjectMapping: 0.196500 ms MarkObjects: 2.010600 ms  DeleteObjects: 0.070100 ms)

AssetImportParameters requested are different than current active one (requested -> active):
  custom:video-decoder-ogg-theora: a1e56fd34408186e4bbccfd4996cb3dc -> 
  custom:container-muxer-webm: aa71ff27fc2769a1b78a27578f13a17b -> 
  custom:container-demuxer-webm: 4f35f7cbe854078d1ac9338744f61a02 -> 
  custom:video-encoder-webm-vp8: eb34c28f22e8b96e1ab97ce403110664 -> 
  custom:audio-encoder-webm-vorbis: bf7c407c2cedff20999df2af8eb42d56 -> 
  custom:framework-win-MediaFoundation: 216162199b28c13a410421893ffa2e32 -> 
  custom:container-demuxer-ogg: 62fdf1f143b41e24485cea50d1cbac27 -> 
  custom:video-decoder-webm-vp8: 9c59270c3fd7afecdb556c50c9e8de78 -> 
  custom:audio-decoder-ogg-vorbis: bf7c407c2cedff20999df2af8eb42d56 -> 
========================================================================
Received Import Request.
  Time since last request: 11.134008 seconds.
  path: Assets/Meshes/Player/spaceship.fbx
  artifactKey: Guid(66199b59d61e03b4987cfa43a4ceb460) Importer(815301076,1909f56bfc062723c751e8b465ee728b)
Start importing Assets/Meshes/Player/spaceship.fbx using Guid(66199b59d61e03b4987cfa43a4ceb460) Importer(815301076,1909f56bfc062723c751e8b465ee728b)  -> (artifact id: 'fd4e90f29659eedcd61b882392854036') in 0.121100 seconds 
========================================================================
Received Prepare
Registering precompiled user dll's ...
Registered in 0.005111 seconds.
Begin MonoManager ReloadAssembly
Symbol file LoadedFromMemory doesn't match image C:\Users\mahrt\unity\SpaceGame\Library\PackageCache\com.unity.visualscripting@1.7.6\Editor\VisualScripting.Core\Dependencies\YamlDotNet\Unity.VisualScripting.YamlDotNet.dll
Symbol file LoadedFromMemory is not a mono symbol file
Symbol file LoadedFromMemory doesn't match image C:\Users\mahrt\unity\SpaceGame\Library\PackageCache\com.unity.visualscripting@1.7.6\Editor\VisualScripting.Core\Dependencies\DotNetZip\Unity.VisualScripting.IonicZip.dll
Native extension for WindowsStandalone target not found
Refreshing native plugins compatible for Editor in 0.46 ms, found 3 plugins.
Preloading 0 native plugins for Editor in 0.00 ms.
Mono: successfully reloaded assembly
- Completed reload, in  1.012 seconds
Domain Reload Profiling:
	ReloadAssembly (1013ms)
		BeginReloadAssembly (125ms)
			ExecutionOrderSort (0ms)
			DisableScriptedObjects (4ms)
			BackupInstance (0ms)
			ReleaseScriptingObjects (0ms)
			CreateAndSetChildDomain (37ms)
		EndReloadAssembly (804ms)
			LoadAssemblies (84ms)
			RebuildTransferFunctionScriptingTraits (0ms)
			SetupTypeCache (255ms)
			ReleaseScriptCaches (1ms)
			RebuildScriptCaches (69ms)
			SetupLoadedEditorAssemblies (327ms)
				LogAssemblyErrors (0ms)
				InitializePlatformSupportModulesInManaged (10ms)
				SetLoadedEditorAssemblies (0ms)
				RefreshPlugins (1ms)
				BeforeProcessingInitializeOnLoad (70ms)
				ProcessInitializeOnLoadAttributes (218ms)
				ProcessInitializeOnLoadMethodAttributes (25ms)
				AfterProcessingInitializeOnLoad (3ms)
				EditorAssembliesLoaded (0ms)
			ExecutionOrderSort2 (0ms)
			AwakeInstancesAfterBackupRestoration (7ms)
Platform modules already initialized, skipping
Refreshing native plugins compatible for Editor in 1.80 ms, found 3 plugins.
Preloading 0 native plugins for Editor in 0.00 ms.
Unloading 3221 Unused Serialized files (Serialized files now loaded: 0)
Unloading 16 unused Assets / (79.0 KB). Loaded Objects now: 3774.
Memory consumption went from 117.3 MB to 117.2 MB.
Total: 2.420500 ms (FindLiveObjects: 0.234700 ms CreateObjectMapping: 0.145600 ms MarkObjects: 1.974800 ms  DeleteObjects: 0.064700 ms)

AssetImportParameters requested are different than current active one (requested -> active):
  custom:video-decoder-ogg-theora: a1e56fd34408186e4bbccfd4996cb3dc -> 
  custom:container-muxer-webm: aa71ff27fc2769a1b78a27578f13a17b -> 
  custom:container-demuxer-webm: 4f35f7cbe854078d1ac9338744f61a02 -> 
  custom:video-encoder-webm-vp8: eb34c28f22e8b96e1ab97ce403110664 -> 
  custom:audio-encoder-webm-vorbis: bf7c407c2cedff20999df2af8eb42d56 -> 
  custom:framework-win-MediaFoundation: 216162199b28c13a410421893ffa2e32 -> 
  custom:container-demuxer-ogg: 62fdf1f143b41e24485cea50d1cbac27 -> 
  custom:video-decoder-webm-vp8: 9c59270c3fd7afecdb556c50c9e8de78 -> 
  custom:audio-decoder-ogg-vorbis: bf7c407c2cedff20999df2af8eb42d56 -> 
========================================================================
Received Import Request.
  Time since last request: 11.743460 seconds.
  path: Assets/Meshes/Player/spaceship.fbx
  artifactKey: Guid(66199b59d61e03b4987cfa43a4ceb460) Importer(815301076,1909f56bfc062723c751e8b465ee728b)
Start importing Assets/Meshes/Player/spaceship.fbx using Guid(66199b59d61e03b4987cfa43a4ceb460) Importer(815301076,1909f56bfc062723c751e8b465ee728b)  -> (artifact id: '5ee0becb5ee6cbfe59badf508e7dde51') in 0.089343 seconds 
========================================================================
Received Prepare
Registering precompiled user dll's ...
Registered in 0.003587 seconds.
Begin MonoManager ReloadAssembly
Symbol file LoadedFromMemory doesn't match image C:\Users\mahrt\unity\SpaceGame\Library\PackageCache\com.unity.visualscripting@1.7.6\Editor\VisualScripting.Core\Dependencies\YamlDotNet\Unity.VisualScripting.YamlDotNet.dll
Symbol file LoadedFromMemory is not a mono symbol file
Symbol file LoadedFromMemory doesn't match image C:\Users\mahrt\unity\SpaceGame\Library\PackageCache\com.unity.visualscripting@1.7.6\Editor\VisualScripting.Core\Dependencies\DotNetZip\Unity.VisualScripting.IonicZip.dll
Native extension for WindowsStandalone target not found
Refreshing native plugins compatible for Editor in 1.09 ms, found 3 plugins.
Preloading 0 native plugins for Editor in 0.00 ms.
Mono: successfully reloaded assembly
- Completed reload, in  0.950 seconds
Domain Reload Profiling:
	ReloadAssembly (951ms)
		BeginReloadAssembly (108ms)
			ExecutionOrderSort (0ms)
			DisableScriptedObjects (4ms)
			BackupInstance (0ms)
			ReleaseScriptingObjects (0ms)
			CreateAndSetChildDomain (29ms)
		EndReloadAssembly (760ms)
			LoadAssemblies (76ms)
			RebuildTransferFunctionScriptingTraits (0ms)
			SetupTypeCache (249ms)
			ReleaseScriptCaches (1ms)
			RebuildScriptCaches (44ms)
			SetupLoadedEditorAssemblies (331ms)
				LogAssemblyErrors (0ms)
				InitializePlatformSupportModulesInManaged (12ms)
				SetLoadedEditorAssemblies (1ms)
				RefreshPlugins (1ms)
				BeforeProcessingInitializeOnLoad (75ms)
				ProcessInitializeOnLoadAttributes (212ms)
				ProcessInitializeOnLoadMethodAttributes (26ms)
				AfterProcessingInitializeOnLoad (3ms)
				EditorAssembliesLoaded (0ms)
			ExecutionOrderSort2 (0ms)
			AwakeInstancesAfterBackupRestoration (9ms)
Platform modules already initialized, skipping
Refreshing native plugins compatible for Editor in 1.69 ms, found 3 plugins.
Preloading 0 native plugins for Editor in 0.00 ms.
Unloading 3221 Unused Serialized files (Serialized files now loaded: 0)
Unloading 16 unused Assets / (79.0 KB). Loaded Objects now: 3777.
Memory consumption went from 117.3 MB to 117.2 MB.
Total: 2.640200 ms (FindLiveObjects: 0.240800 ms CreateObjectMapping: 0.144100 ms MarkObjects: 2.170300 ms  DeleteObjects: 0.083600 ms)

AssetImportParameters requested are different than current active one (requested -> active):
  custom:video-decoder-ogg-theora: a1e56fd34408186e4bbccfd4996cb3dc -> 
  custom:container-muxer-webm: aa71ff27fc2769a1b78a27578f13a17b -> 
  custom:container-demuxer-webm: 4f35f7cbe854078d1ac9338744f61a02 -> 
  custom:video-encoder-webm-vp8: eb34c28f22e8b96e1ab97ce403110664 -> 
  custom:audio-encoder-webm-vorbis: bf7c407c2cedff20999df2af8eb42d56 -> 
  custom:framework-win-MediaFoundation: 216162199b28c13a410421893ffa2e32 -> 
  custom:container-demuxer-ogg: 62fdf1f143b41e24485cea50d1cbac27 -> 
  custom:video-decoder-webm-vp8: 9c59270c3fd7afecdb556c50c9e8de78 -> 
  custom:audio-decoder-ogg-vorbis: bf7c407c2cedff20999df2af8eb42d56 -> 
========================================================================
Received Import Request.
  Time since last request: 10.762020 seconds.
  path: Assets/Meshes/Player/spaceship.fbx
  artifactKey: Guid(66199b59d61e03b4987cfa43a4ceb460) Importer(815301076,1909f56bfc062723c751e8b465ee728b)
Start importing Assets/Meshes/Player/spaceship.fbx using Guid(66199b59d61e03b4987cfa43a4ceb460) Importer(815301076,1909f56bfc062723c751e8b465ee728b)  -> (artifact id: 'b3255d1b8a3d0867c252868f1a5b8356') in 0.090680 seconds 
========================================================================
Received Import Request.
  Time since last request: 8.337541 seconds.
  path: Assets/Meshes/Player/spaceship.fbx
  artifactKey: Guid(66199b59d61e03b4987cfa43a4ceb460) Importer(815301076,1909f56bfc062723c751e8b465ee728b)
Start importing Assets/Meshes/Player/spaceship.fbx using Guid(66199b59d61e03b4987cfa43a4ceb460) Importer(815301076,1909f56bfc062723c751e8b465ee728b)  -> (artifact id: 'fdbfb580c095242d8332b81099d42d81') in 0.018415 seconds 
========================================================================
Received Import Request.
  Time since last request: 4.510494 seconds.
  path: Assets/Meshes/Player/spaceship.fbx
  artifactKey: Guid(66199b59d61e03b4987cfa43a4ceb460) Importer(815301076,1909f56bfc062723c751e8b465ee728b)
Start importing Assets/Meshes/Player/spaceship.fbx using Guid(66199b59d61e03b4987cfa43a4ceb460) Importer(815301076,1909f56bfc062723c751e8b465ee728b)  -> (artifact id: 'fc51f9f4e1bbc2e1f54aaec59f95eeee') in 0.017840 seconds 
========================================================================
Received Import Request.
  Time since last request: 5.534268 seconds.
  path: Assets/Meshes/Player/spaceship.fbx
  artifactKey: Guid(66199b59d61e03b4987cfa43a4ceb460) Importer(815301076,1909f56bfc062723c751e8b465ee728b)
Start importing Assets/Meshes/Player/spaceship.fbx using Guid(66199b59d61e03b4987cfa43a4ceb460) Importer(815301076,1909f56bfc062723c751e8b465ee728b)  -> (artifact id: 'bea05fd97d05079ea3c5a49c806daaec') in 0.018369 seconds 
========================================================================
Received Import Request.
  Time since last request: 17.728493 seconds.
  path: Assets/Meshes/Player/spaceship.fbx
  artifactKey: Guid(66199b59d61e03b4987cfa43a4ceb460) Importer(815301076,1909f56bfc062723c751e8b465ee728b)
Start importing Assets/Meshes/Player/spaceship.fbx using Guid(66199b59d61e03b4987cfa43a4ceb460) Importer(815301076,1909f56bfc062723c751e8b465ee728b)  -> (artifact id: '0bde51a824377edacc7771b040f60953') in 0.019262 seconds 
========================================================================
Received Import Request.
  Time since last request: 16.515208 seconds.
  path: Assets/Meshes/Player/spaceship.fbx
  artifactKey: Guid(66199b59d61e03b4987cfa43a4ceb460) Importer(815301076,1909f56bfc062723c751e8b465ee728b)
Start importing Assets/Meshes/Player/spaceship.fbx using Guid(66199b59d61e03b4987cfa43a4ceb460) Importer(815301076,1909f56bfc062723c751e8b465ee728b)  -> (artifact id: '4ed95b339c5bb82e403f7a7ee15017da') in 0.018396 seconds 
========================================================================
Received Prepare
Registering precompiled user dll's ...
Registered in 0.003998 seconds.
Begin MonoManager ReloadAssembly
Symbol file LoadedFromMemory doesn't match image C:\Users\mahrt\unity\SpaceGame\Library\PackageCache\com.unity.visualscripting@1.7.6\Editor\VisualScripting.Core\Dependencies\YamlDotNet\Unity.VisualScripting.YamlDotNet.dll
Symbol file LoadedFromMemory is not a mono symbol file
Symbol file LoadedFromMemory doesn't match image C:\Users\mahrt\unity\SpaceGame\Library\PackageCache\com.unity.visualscripting@1.7.6\Editor\VisualScripting.Core\Dependencies\DotNetZip\Unity.VisualScripting.IonicZip.dll
Native extension for WindowsStandalone target not found
Refreshing native plugins compatible for Editor in 0.64 ms, found 3 plugins.
Preloading 0 native plugins for Editor in 0.00 ms.
Mono: successfully reloaded assembly
- Completed reload, in  0.940 seconds
Domain Reload Profiling:
	ReloadAssembly (941ms)
		BeginReloadAssembly (110ms)
			ExecutionOrderSort (0ms)
			DisableScriptedObjects (5ms)
			BackupInstance (0ms)
			ReleaseScriptingObjects (0ms)
			CreateAndSetChildDomain (30ms)
		EndReloadAssembly (748ms)
			LoadAssemblies (73ms)
			RebuildTransferFunctionScriptingTraits (0ms)
			SetupTypeCache (238ms)
			ReleaseScriptCaches (1ms)
			RebuildScriptCaches (43ms)
			SetupLoadedEditorAssemblies (338ms)
				LogAssemblyErrors (0ms)
				InitializePlatformSupportModulesInManaged (13ms)
				SetLoadedEditorAssemblies (1ms)
				RefreshPlugins (1ms)
				BeforeProcessingInitializeOnLoad (65ms)
				ProcessInitializeOnLoadAttributes (229ms)
				ProcessInitializeOnLoadMethodAttributes (27ms)
				AfterProcessingInitializeOnLoad (3ms)
				EditorAssembliesLoaded (0ms)
			ExecutionOrderSort2 (0ms)
			AwakeInstancesAfterBackupRestoration (7ms)
Platform modules already initialized, skipping
Refreshing native plugins compatible for Editor in 1.73 ms, found 3 plugins.
Preloading 0 native plugins for Editor in 0.00 ms.
Unloading 3221 Unused Serialized files (Serialized files now loaded: 0)
Unloading 16 unused Assets / (79.1 KB). Loaded Objects now: 3780.
Memory consumption went from 117.4 MB to 117.3 MB.
Total: 2.874600 ms (FindLiveObjects: 0.357800 ms CreateObjectMapping: 0.168500 ms MarkObjects: 2.175100 ms  DeleteObjects: 0.172000 ms)

AssetImportParameters requested are different than current active one (requested -> active):
  custom:video-decoder-ogg-theora: a1e56fd34408186e4bbccfd4996cb3dc -> 
  custom:container-muxer-webm: aa71ff27fc2769a1b78a27578f13a17b -> 
  custom:container-demuxer-webm: 4f35f7cbe854078d1ac9338744f61a02 -> 
  custom:video-encoder-webm-vp8: eb34c28f22e8b96e1ab97ce403110664 -> 
  custom:audio-encoder-webm-vorbis: bf7c407c2cedff20999df2af8eb42d56 -> 
  custom:framework-win-MediaFoundation: 216162199b28c13a410421893ffa2e32 -> 
  custom:container-demuxer-ogg: 62fdf1f143b41e24485cea50d1cbac27 -> 
  custom:video-decoder-webm-vp8: 9c59270c3fd7afecdb556c50c9e8de78 -> 
  custom:audio-decoder-ogg-vorbis: bf7c407c2cedff20999df2af8eb42d56 -> 
========================================================================
Received Import Request.
  Time since last request: 270.422765 seconds.
  path: Assets/Meshes/Player/IdleAnim.anim
  artifactKey: Guid(515e5d907a30fdd4d8c1b151ee74a1a7) Importer(815301076,1909f56bfc062723c751e8b465ee728b)
Start importing Assets/Meshes/Player/IdleAnim.anim using Guid(515e5d907a30fdd4d8c1b151ee74a1a7) Importer(815301076,1909f56bfc062723c751e8b465ee728b)  -> (artifact id: 'c6e8b49c516d21111660400624f7b360') in 0.020535 seconds 
========================================================================
Received Import Request.
  Time since last request: 11.182994 seconds.
  path: Assets/Meshes/Player/IdleAnim.anim
  artifactKey: Guid(515e5d907a30fdd4d8c1b151ee74a1a7) Importer(815301076,1909f56bfc062723c751e8b465ee728b)
Start importing Assets/Meshes/Player/IdleAnim.anim using Guid(515e5d907a30fdd4d8c1b151ee74a1a7) Importer(815301076,1909f56bfc062723c751e8b465ee728b)  -> (artifact id: 'fcbc302520568561cf7d1e107b4885fa') in 0.002870 seconds 
========================================================================
Received Prepare
Registering precompiled user dll's ...
Registered in 0.003590 seconds.
Begin MonoManager ReloadAssembly
Symbol file LoadedFromMemory doesn't match image C:\Users\mahrt\unity\SpaceGame\Library\PackageCache\com.unity.visualscripting@1.7.6\Editor\VisualScripting.Core\Dependencies\YamlDotNet\Unity.VisualScripting.YamlDotNet.dll
Symbol file LoadedFromMemory is not a mono symbol file
Symbol file LoadedFromMemory doesn't match image C:\Users\mahrt\unity\SpaceGame\Library\PackageCache\com.unity.visualscripting@1.7.6\Editor\VisualScripting.Core\Dependencies\DotNetZip\Unity.VisualScripting.IonicZip.dll
Native extension for WindowsStandalone target not found
Refreshing native plugins compatible for Editor in 0.66 ms, found 3 plugins.
Preloading 0 native plugins for Editor in 0.00 ms.
Mono: successfully reloaded assembly
- Completed reload, in  0.942 seconds
Domain Reload Profiling:
	ReloadAssembly (943ms)
		BeginReloadAssembly (112ms)
			ExecutionOrderSort (0ms)
			DisableScriptedObjects (7ms)
			BackupInstance (0ms)
			ReleaseScriptingObjects (0ms)
			CreateAndSetChildDomain (29ms)
		EndReloadAssembly (751ms)
			LoadAssemblies (72ms)
			RebuildTransferFunctionScriptingTraits (0ms)
			SetupTypeCache (260ms)
			ReleaseScriptCaches (1ms)
			RebuildScriptCaches (47ms)
			SetupLoadedEditorAssemblies (318ms)
				LogAssemblyErrors (0ms)
				InitializePlatformSupportModulesInManaged (11ms)
				SetLoadedEditorAssemblies (1ms)
				RefreshPlugins (1ms)
				BeforeProcessingInitializeOnLoad (64ms)
				ProcessInitializeOnLoadAttributes (213ms)
				ProcessInitializeOnLoadMethodAttributes (26ms)
				AfterProcessingInitializeOnLoad (2ms)
				EditorAssembliesLoaded (0ms)
			ExecutionOrderSort2 (0ms)
			AwakeInstancesAfterBackupRestoration (7ms)
Platform modules already initialized, skipping
Refreshing native plugins compatible for Editor in 1.52 ms, found 3 plugins.
Preloading 0 native plugins for Editor in 0.00 ms.
Unloading 3221 Unused Serialized files (Serialized files now loaded: 0)
Unloading 16 unused Assets / (79.0 KB). Loaded Objects now: 3783.
Memory consumption went from 117.4 MB to 117.3 MB.
Total: 2.739400 ms (FindLiveObjects: 0.265800 ms CreateObjectMapping: 0.192600 ms MarkObjects: 2.183700 ms  DeleteObjects: 0.096300 ms)

AssetImportParameters requested are different than current active one (requested -> active):
  custom:video-decoder-ogg-theora: a1e56fd34408186e4bbccfd4996cb3dc -> 
  custom:container-muxer-webm: aa71ff27fc2769a1b78a27578f13a17b -> 
  custom:container-demuxer-webm: 4f35f7cbe854078d1ac9338744f61a02 -> 
  custom:video-encoder-webm-vp8: eb34c28f22e8b96e1ab97ce403110664 -> 
  custom:audio-encoder-webm-vorbis: bf7c407c2cedff20999df2af8eb42d56 -> 
  custom:framework-win-MediaFoundation: 216162199b28c13a410421893ffa2e32 -> 
  custom:container-demuxer-ogg: 62fdf1f143b41e24485cea50d1cbac27 -> 
  custom:video-decoder-webm-vp8: 9c59270c3fd7afecdb556c50c9e8de78 -> 
  custom:audio-decoder-ogg-vorbis: bf7c407c2cedff20999df2af8eb42d56 -> 
========================================================================
Received Prepare
Registering precompiled user dll's ...
Registered in 0.004361 seconds.
Begin MonoManager ReloadAssembly
Symbol file LoadedFromMemory doesn't match image C:\Users\mahrt\unity\SpaceGame\Library\PackageCache\com.unity.visualscripting@1.7.6\Editor\VisualScripting.Core\Dependencies\YamlDotNet\Unity.VisualScripting.YamlDotNet.dll
Symbol file LoadedFromMemory is not a mono symbol file
Symbol file LoadedFromMemory doesn't match image C:\Users\mahrt\unity\SpaceGame\Library\PackageCache\com.unity.visualscripting@1.7.6\Editor\VisualScripting.Core\Dependencies\DotNetZip\Unity.VisualScripting.IonicZip.dll
Native extension for WindowsStandalone target not found
Refreshing native plugins compatible for Editor in 0.49 ms, found 3 plugins.
Preloading 0 native plugins for Editor in 0.00 ms.
Mono: successfully reloaded assembly
- Completed reload, in  1.108 seconds
Domain Reload Profiling:
	ReloadAssembly (1109ms)
		BeginReloadAssembly (121ms)
			ExecutionOrderSort (0ms)
			DisableScriptedObjects (5ms)
			BackupInstance (0ms)
			ReleaseScriptingObjects (0ms)
			CreateAndSetChildDomain (33ms)
		EndReloadAssembly (895ms)
			LoadAssemblies (80ms)
			RebuildTransferFunctionScriptingTraits (0ms)
			SetupTypeCache (297ms)
			ReleaseScriptCaches (2ms)
			RebuildScriptCaches (75ms)
			SetupLoadedEditorAssemblies (369ms)
				LogAssemblyErrors (0ms)
				InitializePlatformSupportModulesInManaged (13ms)
				SetLoadedEditorAssemblies (1ms)
				RefreshPlugins (1ms)
				BeforeProcessingInitializeOnLoad (74ms)
				ProcessInitializeOnLoadAttributes (245ms)
				ProcessInitializeOnLoadMethodAttributes (31ms)
				AfterProcessingInitializeOnLoad (4ms)
				EditorAssembliesLoaded (0ms)
			ExecutionOrderSort2 (0ms)
			AwakeInstancesAfterBackupRestoration (8ms)
Platform modules already initialized, skipping
Refreshing native plugins compatible for Editor in 2.22 ms, found 3 plugins.
Preloading 0 native plugins for Editor in 0.00 ms.
Unloading 3221 Unused Serialized files (Serialized files now loaded: 0)
Unloading 16 unused Assets / (79.0 KB). Loaded Objects now: 3786.
Memory consumption went from 117.4 MB to 117.3 MB.
Total: 2.889400 ms (FindLiveObjects: 0.433100 ms CreateObjectMapping: 0.261000 ms MarkObjects: 2.086600 ms  DeleteObjects: 0.107200 ms)

AssetImportParameters requested are different than current active one (requested -> active):
  custom:video-decoder-ogg-theora: a1e56fd34408186e4bbccfd4996cb3dc -> 
  custom:container-muxer-webm: aa71ff27fc2769a1b78a27578f13a17b -> 
  custom:container-demuxer-webm: 4f35f7cbe854078d1ac9338744f61a02 -> 
  custom:video-encoder-webm-vp8: eb34c28f22e8b96e1ab97ce403110664 -> 
  custom:audio-encoder-webm-vorbis: bf7c407c2cedff20999df2af8eb42d56 -> 
  custom:framework-win-MediaFoundation: 216162199b28c13a410421893ffa2e32 -> 
  custom:container-demuxer-ogg: 62fdf1f143b41e24485cea50d1cbac27 -> 
  custom:video-decoder-webm-vp8: 9c59270c3fd7afecdb556c50c9e8de78 -> 
  custom:audio-decoder-ogg-vorbis: bf7c407c2cedff20999df2af8eb42d56 -> 
